TN:
SF:src\controllers\actual.controller.js
FN:5,(anonymous_0)
FN:16,(anonymous_1)
FN:41,(anonymous_2)
FN:51,(anonymous_3)
FN:63,(anonymous_4)
FN:79,(anonymous_5)
FN:97,(anonymous_6)
FN:111,(anonymous_7)
FN:123,(anonymous_8)
FNF:9
FNH:0
FNDA:0,(anonymous_0)
FNDA:0,(anonymous_1)
FNDA:0,(anonymous_2)
FNDA:0,(anonymous_3)
FNDA:0,(anonymous_4)
FNDA:0,(anonymous_5)
FNDA:0,(anonymous_6)
FNDA:0,(anonymous_7)
FNDA:0,(anonymous_8)
DA:2,15
DA:4,15
DA:6,0
DA:7,0
DA:9,0
DA:17,0
DA:18,0
DA:20,0
DA:28,0
DA:42,0
DA:43,0
DA:45,0
DA:52,0
DA:53,0
DA:55,0
DA:57,0
DA:64,0
DA:65,0
DA:70,0
DA:72,0
DA:80,0
DA:81,0
DA:82,0
DA:88,0
DA:90,0
DA:98,0
DA:99,0
DA:100,0
DA:102,0
DA:104,0
DA:112,0
DA:113,0
DA:115,0
DA:117,0
DA:124,0
DA:125,0
DA:127,0
DA:129,0
DA:137,15
LF:39
LH:3
BRDA:18,0,0,0
BRDA:18,1,0,0
BRDA:22,2,0,0
BRDA:22,2,1,0
BRDA:23,3,0,0
BRDA:23,3,1,0
BRDA:125,4,0,0
BRDA:125,4,1,0
BRF:8
BRH:0
end_of_record
TN:
SF:src\controllers\ai.controller.js
FN:5,(anonymous_0)
FN:21,(anonymous_1)
FN:27,(anonymous_2)
FN:38,(anonymous_3)
FN:45,(anonymous_4)
FNF:5
FNH:0
FNDA:0,(anonymous_0)
FNDA:0,(anonymous_1)
FNDA:0,(anonymous_2)
FNDA:0,(anonymous_3)
FNDA:0,(anonymous_4)
DA:2,15
DA:4,15
DA:6,0
DA:7,0
DA:9,0
DA:10,0
DA:13,0
DA:14,0
DA:22,0
DA:23,0
DA:24,0
DA:28,0
DA:29,0
DA:30,0
DA:35,0
DA:39,0
DA:40,0
DA:41,0
DA:42,0
DA:46,0
DA:47,0
DA:48,0
DA:49,0
DA:53,15
LF:24
LH:3
BRDA:9,0,0,0
BRDA:9,0,1,0
BRDA:31,1,0,0
BRDA:31,1,1,0
BRDA:32,2,0,0
BRDA:32,2,1,0
BRF:6
BRH:0
end_of_record
TN:
SF:src\controllers\auth.controller.js
FN:7,(anonymous_0)
FN:18,(anonymous_1)
FN:34,(anonymous_2)
FNF:3
FNH:0
FNDA:0,(anonymous_0)
FNDA:0,(anonymous_1)
FNDA:0,(anonymous_2)
DA:2,15
DA:3,15
DA:4,15
DA:6,15
DA:8,0
DA:9,0
DA:11,0
DA:19,0
DA:20,0
DA:22,0
DA:23,0
DA:26,0
DA:36,0
DA:38,0
DA:39,0
DA:45,0
DA:49,0
DA:54,0
DA:61,0
DA:68,0
DA:69,0
DA:80,0
DA:82,0
DA:86,0
DA:97,15
LF:25
LH:5
BRDA:22,0,0,0
BRDA:22,0,1,0
BRDA:36,1,0,0
BRDA:36,1,1,0
BRDA:38,2,0,0
BRDA:38,2,1,0
BRDA:49,3,0,0
BRDA:49,3,1,0
BRDA:68,4,0,0
BRDA:68,4,1,0
BRDA:80,5,0,0
BRDA:80,5,1,0
BRF:12
BRH:0
end_of_record
TN:
SF:src\controllers\booking.controller.js
FN:5,(anonymous_0)
FN:16,(anonymous_1)
FN:27,(anonymous_2)
FN:58,(anonymous_3)
FN:70,(anonymous_4)
FN:86,(anonymous_5)
FN:99,(anonymous_6)
FNF:7
FNH:0
FNDA:0,(anonymous_0)
FNDA:0,(anonymous_1)
FNDA:0,(anonymous_2)
FNDA:0,(anonymous_3)
FNDA:0,(anonymous_4)
FNDA:0,(anonymous_5)
FNDA:0,(anonymous_6)
DA:2,15
DA:4,15
DA:6,0
DA:7,0
DA:9,0
DA:17,0
DA:18,0
DA:20,0
DA:28,0
DA:29,0
DA:31,0
DA:37,0
DA:38,0
DA:44,0
DA:59,0
DA:60,0
DA:62,0
DA:64,0
DA:71,0
DA:72,0
DA:77,0
DA:79,0
DA:87,0
DA:88,0
DA:89,0
DA:91,0
DA:93,0
DA:100,0
DA:101,0
DA:103,0
DA:105,0
DA:112,15
LF:32
LH:3
BRDA:32,0,0,0
BRDA:32,0,1,0
BRDA:33,1,0,0
BRDA:33,1,1,0
BRDA:37,2,0,0
BRDA:37,2,1,0
BRDA:48,3,0,0
BRDA:48,3,1,0
BRDA:49,4,0,0
BRDA:49,4,1,0
BRF:10
BRH:0
end_of_record
TN:
SF:src\controllers\class.controller.js
FN:9,(anonymous_0)
FN:42,(anonymous_1)
FN:52,(anonymous_2)
FN:69,(anonymous_3)
FN:107,(anonymous_4)
FN:151,(anonymous_5)
FN:204,(anonymous_6)
FN:268,(anonymous_7)
FN:353,(anonymous_8)
FNF:9
FNH:0
FNDA:0,(anonymous_0)
FNDA:0,(anonymous_1)
FNDA:0,(anonymous_2)
FNDA:0,(anonymous_3)
FNDA:0,(anonymous_4)
FNDA:0,(anonymous_5)
FNDA:0,(anonymous_6)
FNDA:0,(anonymous_7)
FNDA:0,(anonymous_8)
DA:2,15
DA:3,15
DA:4,15
DA:5,15
DA:6,15
DA:8,15
DA:10,0
DA:12,0
DA:21,0
DA:22,0
DA:28,0
DA:43,0
DA:44,0
DA:46,0
DA:53,0
DA:54,0
DA:56,0
DA:62,0
DA:70,0
DA:71,0
DA:74,0
DA:78,0
DA:79,0
DA:83,0
DA:85,0
DA:86,0
DA:90,0
DA:96,0
DA:100,0
DA:108,0
DA:111,0
DA:115,0
DA:116,0
DA:120,0
DA:123,0
DA:125,0
DA:126,0
DA:127,0
DA:128,0
DA:129,0
DA:131,0
DA:135,0
DA:139,0
DA:144,0
DA:152,0
DA:155,0
DA:159,0
DA:160,0
DA:164,0
DA:168,0
DA:170,0
DA:175,0
DA:183,0
DA:184,0
DA:185,0
DA:186,0
DA:187,0
DA:189,0
DA:194,0
DA:198,0
DA:205,0
DA:206,0
DA:209,0
DA:216,0
DA:217,0
DA:221,0
DA:222,0
DA:224,0
DA:225,0
DA:229,0
DA:245,0
DA:246,0
DA:250,0
DA:261,0
DA:269,0
DA:272,0
DA:279,0
DA:280,0
DA:284,0
DA:285,0
DA:286,0
DA:289,0
DA:290,0
DA:294,0
DA:313,0
DA:314,0
DA:319,0
DA:321,0
DA:328,0
DA:341,0
DA:346,0
DA:354,0
DA:357,0
DA:368,0
DA:369,0
DA:373,0
DA:375,0
DA:384,0
DA:395,0
DA:402,0
DA:406,0
DA:413,15
LF:102
LH:7
BRDA:13,0,0,0
BRDA:13,0,1,0
BRDA:16,1,0,0
BRDA:16,1,1,0
BRDA:17,2,0,0
BRDA:17,2,1,0
BRDA:21,3,0,0
BRDA:21,3,1,0
BRDA:32,4,0,0
BRDA:32,4,1,0
BRDA:33,5,0,0
BRDA:33,5,1,0
BRDA:78,6,0,0
BRDA:78,6,1,0
BRDA:83,7,0,0
BRDA:83,7,1,0
BRDA:85,8,0,0
BRDA:85,8,1,0
BRDA:92,9,0,0
BRDA:92,9,1,0
BRDA:115,10,0,0
BRDA:115,10,1,0
BRDA:123,11,0,0
BRDA:123,11,1,0
BRDA:125,12,0,0
BRDA:125,12,1,0
BRDA:159,13,0,0
BRDA:159,13,1,0
BRDA:168,14,0,0
BRDA:168,14,1,0
BRDA:183,15,0,0
BRDA:183,15,1,0
BRDA:216,16,0,0
BRDA:216,16,1,0
BRDA:224,17,0,0
BRDA:224,17,1,0
BRDA:245,18,0,0
BRDA:245,18,1,0
BRDA:279,19,0,0
BRDA:279,19,1,0
BRDA:284,20,0,0
BRDA:284,20,1,0
BRDA:284,21,0,0
BRDA:284,21,1,0
BRDA:285,22,0,0
BRDA:285,22,1,0
BRDA:286,23,0,0
BRDA:286,23,1,0
BRDA:289,24,0,0
BRDA:289,24,1,0
BRDA:313,25,0,0
BRDA:313,25,1,0
BRDA:321,26,0,0
BRDA:321,26,1,0
BRDA:321,27,0,0
BRDA:321,27,1,0
BRDA:368,28,0,0
BRDA:368,28,1,0
BRDA:373,29,0,0
BRDA:373,29,1,0
BRF:60
BRH:0
end_of_record
TN:
SF:src\controllers\competition.controller.js
FN:10,(anonymous_0)
FN:43,(anonymous_1)
FN:71,(anonymous_2)
FN:100,(anonymous_3)
FN:116,(anonymous_4)
FN:152,(anonymous_5)
FN:209,(anonymous_6)
FN:256,(anonymous_7)
FN:281,(anonymous_8)
FN:293,(anonymous_9)
FN:327,(anonymous_10)
FN:360,(anonymous_11)
FN:377,(anonymous_12)
FN:390,(anonymous_13)
FN:408,(anonymous_14)
FN:433,(anonymous_15)
FN:460,(anonymous_16)
FNF:17
FNH:0
FNDA:0,(anonymous_0)
FNDA:0,(anonymous_1)
FNDA:0,(anonymous_2)
FNDA:0,(anonymous_3)
FNDA:0,(anonymous_4)
FNDA:0,(anonymous_5)
FNDA:0,(anonymous_6)
FNDA:0,(anonymous_7)
FNDA:0,(anonymous_8)
FNDA:0,(anonymous_9)
FNDA:0,(anonymous_10)
FNDA:0,(anonymous_11)
FNDA:0,(anonymous_12)
FNDA:0,(anonymous_13)
FNDA:0,(anonymous_14)
FNDA:0,(anonymous_15)
FNDA:0,(anonymous_16)
DA:2,15
DA:3,15
DA:4,15
DA:5,15
DA:6,15
DA:8,15
DA:18,0
DA:20,0
DA:29,0
DA:44,0
DA:45,0
DA:47,0
DA:57,0
DA:72,0
DA:74,0
DA:76,0
DA:86,0
DA:101,0
DA:102,0
DA:104,0
DA:109,0
DA:118,0
DA:121,0
DA:123,0
DA:124,0
DA:128,0
DA:129,0
DA:136,0
DA:142,0
DA:144,0
DA:153,0
DA:156,0
DA:158,0
DA:160,0
DA:161,0
DA:169,0
DA:172,0
DA:174,0
DA:180,0
DA:181,0
DA:182,0
DA:183,0
DA:188,0
DA:190,0
DA:194,0
DA:197,0
DA:202,0
DA:210,0
DA:213,0
DA:218,0
DA:219,0
DA:223,0
DA:224,0
DA:225,0
DA:233,0
DA:234,0
DA:235,0
DA:236,0
DA:241,0
DA:243,0
DA:247,0
DA:249,0
DA:257,0
DA:260,0
DA:262,0
DA:264,0
DA:265,0
DA:272,0
DA:274,0
DA:282,0
DA:284,0
DA:285,0
DA:294,0
DA:297,0
DA:298,0
DA:309,0
DA:310,0
DA:317,0
DA:319,0
DA:328,0
DA:331,0
DA:332,0
DA:343,0
DA:344,0
DA:351,0
DA:353,0
DA:361,0
DA:362,0
DA:364,0
DA:369,0
DA:378,0
DA:379,0
DA:381,0
DA:383,0
DA:391,0
DA:392,0
DA:394,0
DA:400,0
DA:409,0
DA:410,0
DA:412,0
DA:420,0
DA:434,0
DA:435,0
DA:437,0
DA:446,0
DA:461,0
DA:462,0
DA:464,0
DA:469,0
DA:476,15
LF:111
LH:7
BRDA:15,0,0,0
BRDA:16,1,0,0
BRDA:22,2,0,0
BRDA:22,2,1,0
BRDA:50,3,0,0
BRDA:50,3,1,0
BRDA:52,4,0,0
BRDA:52,4,1,0
BRDA:53,5,0,0
BRDA:53,5,1,0
BRDA:78,6,0,0
BRDA:78,6,1,0
BRDA:82,7,0,0
BRDA:82,7,1,0
BRDA:83,8,0,0
BRDA:83,8,1,0
BRDA:121,9,0,0
BRDA:121,9,1,0
BRDA:128,10,0,0
BRDA:128,10,1,0
BRDA:128,11,0,0
BRDA:128,11,1,0
BRDA:138,12,0,0
BRDA:138,12,1,0
BRDA:156,13,0,0
BRDA:156,13,1,0
BRDA:160,14,0,0
BRDA:160,14,1,0
BRDA:172,15,0,0
BRDA:172,15,1,0
BRDA:180,16,0,0
BRDA:180,16,1,0
BRDA:180,17,0,0
BRDA:180,17,1,0
BRDA:218,18,0,0
BRDA:218,18,1,0
BRDA:223,19,0,0
BRDA:223,19,1,0
BRDA:224,20,0,0
BRDA:224,20,1,0
BRDA:233,21,0,0
BRDA:233,21,1,0
BRDA:260,22,0,0
BRDA:260,22,1,0
BRDA:264,23,0,0
BRDA:264,23,1,0
BRDA:297,24,0,0
BRDA:297,24,1,0
BRDA:309,25,0,0
BRDA:309,25,1,0
BRDA:309,26,0,0
BRDA:309,26,1,0
BRDA:331,27,0,0
BRDA:331,27,1,0
BRDA:343,28,0,0
BRDA:343,28,1,0
BRDA:343,29,0,0
BRDA:343,29,1,0
BRDA:410,30,0,0
BRDA:410,31,0,0
BRDA:435,32,0,0
BRDA:435,33,0,0
BRDA:435,34,0,0
BRF:63
BRH:0
end_of_record
TN:
SF:src\controllers\dietEntry.controller.js
FN:5,(anonymous_0)
FN:31,(anonymous_1)
FN:48,(anonymous_2)
FN:60,(anonymous_3)
FN:72,(anonymous_4)
FN:89,(anonymous_5)
FN:101,(anonymous_6)
FN:115,(anonymous_7)
FNF:8
FNH:0
FNDA:0,(anonymous_0)
FNDA:0,(anonymous_1)
FNDA:0,(anonymous_2)
FNDA:0,(anonymous_3)
FNDA:0,(anonymous_4)
FNDA:0,(anonymous_5)
FNDA:0,(anonymous_6)
FNDA:0,(anonymous_7)
DA:2,15
DA:4,15
DA:6,0
DA:7,0
DA:9,0
DA:17,0
DA:32,0
DA:33,0
DA:35,0
DA:41,0
DA:49,0
DA:50,0
DA:52,0
DA:54,0
DA:61,0
DA:63,0
DA:65,0
DA:73,0
DA:74,0
DA:76,0
DA:82,0
DA:90,0
DA:91,0
DA:93,0
DA:95,0
DA:102,0
DA:103,0
DA:105,0
DA:110,0
DA:116,0
DA:119,0
DA:122,0
DA:124,0
DA:131,15
LF:34
LH:3
BRDA:7,0,0,0
BRDA:7,1,0,0
BRDA:119,2,0,0
BRDA:119,2,1,0
BRF:4
BRH:0
end_of_record
TN:
SF:src\controllers\exercises.controller.js
FN:5,(anonymous_0)
FN:16,(anonymous_1)
FN:26,(anonymous_2)
FN:37,(anonymous_3)
FN:50,(anonymous_4)
FNF:5
FNH:0
FNDA:0,(anonymous_0)
FNDA:0,(anonymous_1)
FNDA:0,(anonymous_2)
FNDA:0,(anonymous_3)
FNDA:0,(anonymous_4)
DA:2,15
DA:4,15
DA:6,0
DA:7,0
DA:9,0
DA:17,0
DA:18,0
DA:20,0
DA:27,0
DA:28,0
DA:30,0
DA:38,0
DA:39,0
DA:41,0
DA:43,0
DA:51,0
DA:52,0
DA:54,0
DA:61,15
LF:19
LH:3
BRF:0
BRH:0
end_of_record
TN:
SF:src\controllers\foodItem.controller.js
FN:6,(anonymous_0)
FN:19,(anonymous_1)
FN:42,(anonymous_2)
FN:54,(anonymous_3)
FN:65,(anonymous_4)
FN:78,(anonymous_5)
FNF:6
FNH:0
FNDA:0,(anonymous_0)
FNDA:0,(anonymous_1)
FNDA:0,(anonymous_2)
FNDA:0,(anonymous_3)
FNDA:0,(anonymous_4)
FNDA:0,(anonymous_5)
DA:2,15
DA:4,15
DA:7,0
DA:9,0
DA:11,0
DA:20,0
DA:22,0
DA:28,0
DA:43,0
DA:45,0
DA:47,0
DA:55,0
DA:57,0
DA:66,0
DA:68,0
DA:70,0
DA:79,0
DA:81,0
DA:83,0
DA:90,15
LF:20
LH:3
BRDA:20,0,0,0
BRDA:20,1,0,0
BRF:2
BRH:0
end_of_record
TN:
SF:src\controllers\gym.controller.js
FN:9,(anonymous_0)
FN:41,(anonymous_1)
FN:50,(anonymous_2)
FN:74,(anonymous_3)
FN:83,(anonymous_4)
FN:93,(anonymous_5)
FN:103,(anonymous_6)
FN:136,(anonymous_7)
FN:180,(anonymous_8)
FN:211,(anonymous_9)
FNF:10
FNH:0
FNDA:0,(anonymous_0)
FNDA:0,(anonymous_1)
FNDA:0,(anonymous_2)
FNDA:0,(anonymous_3)
FNDA:0,(anonymous_4)
FNDA:0,(anonymous_5)
FNDA:0,(anonymous_6)
FNDA:0,(anonymous_7)
FNDA:0,(anonymous_8)
FNDA:0,(anonymous_9)
DA:2,15
DA:3,15
DA:4,15
DA:5,15
DA:6,15
DA:9,15
DA:11,0
DA:13,0
DA:20,0
DA:21,0
DA:27,0
DA:41,15
DA:42,0
DA:43,0
DA:50,15
DA:51,0
DA:52,0
DA:54,0
DA:61,0
DA:74,15
DA:75,0
DA:76,0
DA:77,0
DA:83,15
DA:84,0
DA:85,0
DA:86,0
DA:93,15
DA:94,0
DA:95,0
DA:96,0
DA:103,15
DA:104,0
DA:105,0
DA:106,0
DA:107,0
DA:108,0
DA:109,0
DA:110,0
DA:111,0
DA:114,0
DA:120,0
DA:121,0
DA:122,0
DA:125,0
DA:129,0
DA:136,15
DA:137,0
DA:138,0
DA:142,0
DA:143,0
DA:146,0
DA:147,0
DA:148,0
DA:149,0
DA:150,0
DA:151,0
DA:156,0
DA:158,0
DA:161,0
DA:164,0
DA:165,0
DA:168,0
DA:173,0
DA:180,15
DA:181,0
DA:182,0
DA:186,0
DA:187,0
DA:190,0
DA:191,0
DA:192,0
DA:193,0
DA:194,0
DA:196,0
DA:200,0
DA:204,0
DA:211,15
DA:212,0
DA:213,0
DA:221,15
DA:234,15
LF:82
LH:17
BRDA:15,0,0,0
BRDA:15,0,1,0
BRDA:16,1,0,0
BRDA:16,1,1,0
BRDA:20,2,0,0
BRDA:20,2,1,0
BRDA:31,3,0,0
BRDA:31,3,1,0
BRDA:32,4,0,0
BRDA:32,4,1,0
BRDA:52,5,0,0
BRDA:52,6,0,0
BRDA:106,7,0,0
BRDA:106,7,1,0
BRDA:108,8,0,0
BRDA:108,8,1,0
BRDA:108,9,0,0
BRDA:108,9,1,0
BRDA:110,10,0,0
BRDA:110,10,1,0
BRDA:110,11,0,0
BRDA:110,11,1,0
BRDA:117,12,0,0
BRDA:117,12,1,0
BRDA:120,13,0,0
BRDA:120,13,1,0
BRDA:142,14,0,0
BRDA:142,14,1,0
BRDA:147,15,0,0
BRDA:147,15,1,0
BRDA:148,16,0,0
BRDA:148,16,1,0
BRDA:164,17,0,0
BRDA:164,17,1,0
BRDA:164,18,0,0
BRDA:164,18,1,0
BRDA:186,19,0,0
BRDA:186,19,1,0
BRDA:190,20,0,0
BRDA:190,20,1,0
BRF:40
BRH:0
end_of_record
TN:
SF:src\controllers\membership.controller.js
FN:5,(anonymous_0)
FN:16,(anonymous_1)
FN:28,(anonymous_2)
FN:44,(anonymous_3)
FN:58,(anonymous_4)
FN:70,(anonymous_5)
FNF:6
FNH:0
FNDA:0,(anonymous_0)
FNDA:0,(anonymous_1)
FNDA:0,(anonymous_2)
FNDA:0,(anonymous_3)
FNDA:0,(anonymous_4)
FNDA:0,(anonymous_5)
DA:2,15
DA:4,15
DA:6,0
DA:7,0
DA:9,0
DA:17,0
DA:18,0
DA:20,0
DA:22,0
DA:29,0
DA:30,0
DA:35,0
DA:37,0
DA:45,0
DA:46,0
DA:47,0
DA:49,0
DA:51,0
DA:59,0
DA:60,0
DA:62,0
DA:64,0
DA:71,0
DA:72,0
DA:74,0
DA:76,0
DA:84,15
LF:27
LH:3
BRF:0
BRH:0
end_of_record
TN:
SF:src\controllers\membershipPlan.controller.js
FN:6,(anonymous_0)
FN:24,(anonymous_1)
FN:34,(anonymous_2)
FN:44,(anonymous_3)
FN:62,(anonymous_4)
FNF:5
FNH:0
FNDA:0,(anonymous_0)
FNDA:0,(anonymous_1)
FNDA:0,(anonymous_2)
FNDA:0,(anonymous_3)
FNDA:0,(anonymous_4)
DA:2,15
DA:3,15
DA:5,15
DA:7,0
DA:8,0
DA:10,0
DA:17,0
DA:25,0
DA:26,0
DA:27,0
DA:35,0
DA:36,0
DA:37,0
DA:45,0
DA:46,0
DA:48,0
DA:55,0
DA:63,0
DA:64,0
DA:66,0
DA:72,0
DA:74,0
DA:80,0
DA:90,15
LF:24
LH:4
BRDA:72,0,0,0
BRDA:72,0,1,0
BRF:2
BRH:0
end_of_record
TN:
SF:src\controllers\planned.controller.js
FN:5,(anonymous_0)
FN:16,(anonymous_1)
FN:31,(anonymous_2)
FN:43,(anonymous_3)
FN:59,(anonymous_4)
FN:73,(anonymous_5)
FNF:6
FNH:0
FNDA:0,(anonymous_0)
FNDA:0,(anonymous_1)
FNDA:0,(anonymous_2)
FNDA:0,(anonymous_3)
FNDA:0,(anonymous_4)
FNDA:0,(anonymous_5)
DA:2,15
DA:4,15
DA:6,0
DA:7,0
DA:9,0
DA:17,0
DA:18,0
DA:20,0
DA:22,0
DA:32,0
DA:33,0
DA:35,0
DA:37,0
DA:44,0
DA:45,0
DA:50,0
DA:52,0
DA:60,0
DA:61,0
DA:62,0
DA:64,0
DA:66,0
DA:74,0
DA:75,0
DA:77,0
DA:79,0
DA:86,15
LF:27
LH:3
BRDA:18,0,0,0
BRF:1
BRH:0
end_of_record
TN:
SF:src\controllers\statistics.controller.js
FN:6,(anonymous_0)
FN:17,(anonymous_1)
FNF:2
FNH:0
FNDA:0,(anonymous_0)
FNDA:0,(anonymous_1)
DA:2,15
DA:4,15
DA:7,0
DA:8,0
DA:10,0
DA:18,0
DA:19,0
DA:21,0
DA:23,0
DA:30,15
LF:10
LH:3
BRF:0
BRH:0
end_of_record
TN:
SF:src\controllers\stripe.controller.js
FN:6,(anonymous_0)
FN:19,(anonymous_1)
FN:30,(anonymous_2)
FN:46,(anonymous_3)
FNF:4
FNH:0
FNDA:0,(anonymous_0)
FNDA:0,(anonymous_1)
FNDA:0,(anonymous_2)
FNDA:0,(anonymous_3)
DA:2,15
DA:3,15
DA:4,15
DA:6,15
DA:7,0
DA:9,0
DA:10,0
DA:11,0
DA:12,0
DA:14,0
DA:15,0
DA:19,15
DA:20,0
DA:21,0
DA:22,0
DA:24,0
DA:25,0
DA:30,15
DA:31,0
DA:32,0
DA:33,0
DA:35,0
DA:41,0
DA:42,0
DA:46,15
DA:47,0
DA:48,0
DA:51,0
DA:54,0
DA:56,0
DA:58,0
DA:59,0
DA:63,15
LF:33
LH:8
BRF:0
BRH:0
end_of_record
TN:
SF:src\controllers\users.controller.js
FN:12,(anonymous_0)
FN:21,(anonymous_1)
FN:52,(anonymous_2)
FN:83,(anonymous_3)
FN:97,(anonymous_4)
FN:113,(anonymous_5)
FN:125,(anonymous_6)
FN:134,(anonymous_7)
FN:142,(anonymous_8)
FNF:9
FNH:0
FNDA:0,(anonymous_0)
FNDA:0,(anonymous_1)
FNDA:0,(anonymous_2)
FNDA:0,(anonymous_3)
FNDA:0,(anonymous_4)
FNDA:0,(anonymous_5)
FNDA:0,(anonymous_6)
FNDA:0,(anonymous_7)
FNDA:0,(anonymous_8)
DA:2,15
DA:3,15
DA:4,15
DA:5,15
DA:6,15
DA:7,15
DA:8,15
DA:10,15
DA:13,0
DA:14,0
DA:15,0
DA:22,0
DA:23,0
DA:24,0
DA:25,0
DA:26,0
DA:27,0
DA:28,0
DA:29,0
DA:34,0
DA:36,0
DA:39,0
DA:41,0
DA:45,0
DA:53,0
DA:54,0
DA:55,0
DA:57,0
DA:58,0
DA:59,0
DA:60,0
DA:61,0
DA:66,0
DA:68,0
DA:71,0
DA:74,0
DA:84,0
DA:85,0
DA:89,0
DA:98,0
DA:99,0
DA:100,0
DA:101,0
DA:106,0
DA:114,0
DA:117,0
DA:118,0
DA:126,0
DA:127,0
DA:135,0
DA:136,0
DA:143,0
DA:149,0
DA:155,0
DA:166,15
LF:55
LH:9
BRDA:24,0,0,0
BRDA:24,0,1,0
BRDA:26,1,0,0
BRDA:26,1,1,0
BRDA:54,2,0,0
BRDA:54,2,1,0
BRDA:58,3,0,0
BRDA:58,3,1,0
BRDA:84,4,0,0
BRDA:84,5,0,0
BRF:10
BRH:0
end_of_record
TN:
SF:src\middleware\auth.js
FN:6,(anonymous_0)
FNF:1
FNH:0
FNDA:0,(anonymous_0)
DA:2,15
DA:3,15
DA:4,15
DA:6,15
DA:7,0
DA:8,0
DA:10,0
DA:11,0
DA:14,0
DA:16,0
DA:17,0
DA:20,0
DA:22,0
DA:26,0
DA:27,0
DA:31,0
DA:38,0
DA:40,0
DA:41,0
DA:43,0
DA:44,0
DA:46,0
DA:50,15
LF:23
LH:5
BRDA:10,0,0,0
BRDA:10,0,1,0
BRDA:10,1,0,0
BRDA:10,1,1,0
BRDA:16,2,0,0
BRDA:16,2,1,0
BRDA:23,3,0,0
BRDA:23,3,1,0
BRDA:26,4,0,0
BRDA:26,4,1,0
BRDA:35,5,0,0
BRDA:35,5,1,0
BRDA:40,6,0,0
BRDA:40,6,1,0
BRDA:43,7,0,0
BRDA:43,7,1,0
BRF:16
BRH:0
end_of_record
TN:
SF:src\middleware\errorHandler.js
FN:6,(anonymous_0)
FNF:1
FNH:0
FNDA:0,(anonymous_0)
DA:2,15
DA:3,15
DA:4,15
DA:6,15
DA:7,0
DA:10,0
DA:16,0
DA:17,0
DA:18,0
DA:19,0
DA:23,0
DA:24,0
DA:28,0
DA:30,0
DA:31,0
DA:34,0
DA:35,0
DA:41,0
DA:42,0
DA:48,0
DA:56,0
DA:57,0
DA:65,0
DA:66,0
DA:68,0
DA:75,15
LF:26
LH:5
BRDA:17,0,0,0
BRDA:17,0,1,0
BRDA:17,1,0,0
BRDA:17,1,1,0
BRDA:23,2,0,0
BRDA:23,2,1,0
BRDA:23,3,0,0
BRDA:23,3,1,0
BRDA:23,3,2,0
BRDA:28,4,0,0
BRDA:28,4,1,0
BRDA:30,5,0,0
BRDA:30,5,1,0
BRDA:34,6,0,0
BRDA:34,6,1,0
BRDA:38,7,0,0
BRDA:38,7,1,0
BRDA:41,8,0,0
BRDA:41,8,1,0
BRDA:45,9,0,0
BRDA:45,9,1,0
BRDA:56,10,0,0
BRDA:56,10,1,0
BRDA:60,11,0,0
BRDA:60,11,1,0
BRDA:65,12,0,0
BRDA:65,12,1,0
BRDA:66,13,0,0
BRDA:66,13,1,0
BRDA:70,14,0,0
BRDA:70,14,1,0
BRDA:71,15,0,0
BRDA:71,15,1,0
BRF:33
BRH:0
end_of_record
TN:
SF:src\middleware\ownershipCheck.js
FN:9,(anonymous_0)
FN:10,(anonymous_1)
FNF:2
FNH:1
FNDA:90,(anonymous_0)
FNDA:0,(anonymous_1)
DA:2,15
DA:3,15
DA:9,15
DA:10,90
DA:11,0
DA:12,0
DA:15,0
DA:16,0
DA:19,0
DA:20,0
DA:23,0
DA:24,0
DA:26,0
DA:29,0
DA:32,0
DA:33,0
DA:37,0
DA:41,0
DA:42,0
DA:46,0
DA:50,0
DA:51,0
DA:55,0
DA:63,0
DA:64,0
DA:68,0
DA:71,0
DA:72,0
DA:74,0
DA:77,0
DA:82,15
LF:31
LH:5
BRDA:11,0,0,0
BRDA:11,0,1,0
BRDA:19,1,0,0
BRDA:19,1,1,0
BRDA:26,2,0,0
BRDA:26,2,1,0
BRDA:26,2,2,0
BRDA:26,2,3,0
BRDA:26,2,4,0
BRDA:32,3,0,0
BRDA:32,3,1,0
BRDA:41,4,0,0
BRDA:41,4,1,0
BRDA:50,5,0,0
BRDA:50,5,1,0
BRDA:63,6,0,0
BRDA:63,6,1,0
BRDA:71,7,0,0
BRDA:71,7,1,0
BRF:19
BRH:0
end_of_record
TN:
SF:src\middleware\roleCheck.js
FN:8,(anonymous_0)
FN:9,(anonymous_1)
FNF:2
FNH:1
FNDA:360,(anonymous_0)
FNDA:0,(anonymous_1)
DA:2,15
DA:8,15
DA:9,360
DA:10,0
DA:11,0
DA:14,0
DA:16,0
DA:17,0
DA:19,0
DA:24,15
LF:10
LH:4
BRDA:10,0,0,0
BRDA:10,0,1,0
BRDA:14,1,0,0
BRDA:14,1,1,0
BRDA:16,2,0,0
BRDA:16,2,1,0
BRF:6
BRH:0
end_of_record
TN:
SF:src\middleware\validate.js
FN:5,(anonymous_0)
FN:5,(anonymous_1)
FN:23,(anonymous_2)
FNF:3
FNH:1
FNDA:1245,(anonymous_0)
FNDA:0,(anonymous_1)
FNDA:0,(anonymous_2)
DA:2,15
DA:3,15
DA:5,1245
DA:6,0
DA:7,0
DA:8,0
DA:9,0
DA:12,0
DA:17,0
DA:19,0
DA:22,0
DA:23,0
DA:28,0
DA:32,0
DA:36,15
LF:15
LH:4
BRDA:7,0,0,0
BRDA:7,0,1,0
BRDA:7,1,0,0
BRDA:7,1,1,0
BRDA:22,2,0,0
BRDA:22,2,1,0
BRF:6
BRH:0
end_of_record
TN:
SF:src\routes\actual.routes.js
FNF:0
FNH:0
DA:2,15
DA:3,15
DA:4,15
DA:5,15
DA:6,15
DA:8,15
DA:10,15
DA:15,15
DA:21,15
DA:26,15
DA:32,15
DA:38,15
DA:44,15
DA:50,15
DA:56,15
DA:62,15
LF:16
LH:16
BRF:0
BRH:0
end_of_record
TN:
SF:src\routes\ai.routes.js
FNF:0
FNH:0
DA:1,15
DA:2,15
DA:3,15
DA:4,15
DA:5,15
DA:7,15
DA:9,15
DA:15,15
DA:21,15
DA:27,15
DA:33,15
DA:39,15
LF:12
LH:12
BRF:0
BRH:0
end_of_record
TN:
SF:src\routes\auth.routes.js
FN:67,(anonymous_0)
FNF:1
FNH:0
FNDA:0,(anonymous_0)
DA:2,15
DA:3,15
DA:4,15
DA:5,15
DA:6,15
DA:7,15
DA:9,15
DA:12,15
DA:18,15
DA:25,15
DA:27,15
DA:37,15
DA:39,15
DA:49,15
DA:56,15
DA:67,15
DA:68,0
DA:74,15
LF:18
LH:17
BRF:0
BRH:0
end_of_record
TN:
SF:src\routes\booking.routes.js
FNF:0
FNH:0
DA:2,15
DA:3,15
DA:4,15
DA:5,15
DA:6,15
DA:7,15
DA:9,15
DA:12,15
DA:14,15
DA:19,15
DA:24,15
DA:30,15
DA:36,15
DA:42,15
DA:48,15
DA:54,15
LF:16
LH:16
BRF:0
BRH:0
end_of_record
TN:
SF:src\routes\class.routes.js
FNF:0
FNH:0
DA:2,15
DA:3,15
DA:4,15
DA:5,15
DA:6,15
DA:7,15
DA:8,15
DA:9,15
DA:10,15
DA:12,15
DA:15,15
DA:20,15
DA:27,15
DA:29,15
DA:36,15
DA:46,15
DA:55,15
DA:63,15
DA:70,15
DA:77,15
DA:84,15
LF:21
LH:21
BRF:0
BRH:0
end_of_record
TN:
SF:src\routes\competition.routes.js
FNF:0
FNH:0
DA:2,15
DA:3,15
DA:4,15
DA:5,15
DA:6,15
DA:7,15
DA:8,15
DA:9,15
DA:10,15
DA:12,15
DA:15,15
DA:20,15
DA:26,15
DA:32,15
DA:39,15
DA:42,15
DA:49,15
DA:56,15
DA:62,15
DA:68,15
DA:74,15
DA:79,15
DA:86,15
DA:95,15
DA:104,15
DA:112,15
DA:119,15
DA:126,15
DA:133,15
LF:29
LH:29
BRF:0
BRH:0
end_of_record
TN:
SF:src\routes\dietEntry.routes.js
FNF:0
FNH:0
DA:2,15
DA:3,15
DA:4,15
DA:5,15
DA:6,15
DA:7,15
DA:9,15
DA:11,15
DA:14,15
DA:21,15
DA:27,15
DA:33,15
DA:39,15
DA:45,15
DA:51,15
DA:57,15
DA:63,15
LF:17
LH:17
BRF:0
BRH:0
end_of_record
TN:
SF:src\routes\exercises.routes.js
FNF:0
FNH:0
DA:2,15
DA:3,15
DA:4,15
DA:5,15
DA:6,15
DA:7,15
DA:8,15
DA:10,15
DA:13,15
DA:18,15
DA:25,15
DA:33,15
DA:41,15
DA:49,15
LF:14
LH:14
BRF:0
BRH:0
end_of_record
TN:
SF:src\routes\foodItem.routes.js
FNF:0
FNH:0
DA:2,15
DA:3,15
DA:4,15
DA:5,15
DA:6,15
DA:7,15
DA:8,15
DA:10,15
DA:12,15
DA:18,15
DA:24,15
DA:31,15
DA:32,15
DA:34,15
DA:40,15
DA:46,15
DA:52,15
LF:17
LH:17
BRF:0
BRH:0
end_of_record
TN:
SF:src\routes\gym.routes.js
FNF:0
FNH:0
DA:2,15
DA:3,15
DA:4,15
DA:5,15
DA:6,15
DA:7,15
DA:8,15
DA:9,15
DA:10,15
DA:14,15
DA:17,15
DA:19,15
DA:22,15
DA:28,15
DA:35,15
DA:38,15
DA:44,15
DA:50,15
DA:56,15
DA:62,15
DA:69,15
DA:78,15
DA:86,15
DA:95,15
DA:102,15
LF:25
LH:25
BRF:0
BRH:0
end_of_record
TN:
SF:src\routes\membership.routes.js
FNF:0
FNH:0
DA:2,15
DA:3,15
DA:4,15
DA:5,15
DA:6,15
DA:7,15
DA:9,15
DA:12,15
DA:14,15
DA:19,15
DA:25,15
DA:31,15
DA:37,15
DA:43,15
DA:49,15
LF:15
LH:15
BRF:0
BRH:0
end_of_record
TN:
SF:src\routes\membershipPlan.routes.js
FNF:0
FNH:0
DA:2,15
DA:3,15
DA:6,15
DA:9,15
DA:10,15
DA:11,15
DA:12,15
DA:16,15
DA:19,15
DA:26,15
DA:34,15
DA:42,15
DA:49,15
LF:13
LH:13
BRF:0
BRH:0
end_of_record
TN:
SF:src\routes\planned.routes.js
FNF:0
FNH:0
DA:2,15
DA:3,15
DA:4,15
DA:5,15
DA:6,15
DA:8,15
DA:10,15
DA:15,15
DA:21,15
DA:27,15
DA:33,15
DA:39,15
DA:45,15
LF:13
LH:13
BRF:0
BRH:0
end_of_record
TN:
SF:src\routes\statistics.routes.js
FNF:0
FNH:0
DA:2,15
DA:3,15
DA:4,15
DA:5,15
DA:6,15
DA:8,15
DA:10,15
DA:15,15
DA:21,15
LF:9
LH:9
BRF:0
BRH:0
end_of_record
TN:
SF:src\routes\stripe.routes.js
FNF:0
FNH:0
DA:2,15
DA:3,15
DA:4,15
DA:7,15
DA:12,15
DA:15,15
DA:17,15
LF:7
LH:7
BRF:0
BRH:0
end_of_record
TN:
SF:src\routes\uploads.routes.js
FN:10,(anonymous_0)
FN:11,(anonymous_1)
FNF:2
FNH:1
FNDA:60,(anonymous_0)
FNDA:0,(anonymous_1)
DA:2,15
DA:3,15
DA:4,15
DA:5,15
DA:7,15
DA:10,15
DA:11,60
DA:12,0
DA:13,0
DA:14,0
DA:17,0
DA:18,0
DA:20,0
DA:24,0
DA:29,0
DA:31,0
DA:37,15
DA:38,15
DA:39,15
DA:40,15
DA:42,15
LF:21
LH:12
BRF:0
BRH:0
end_of_record
TN:
SF:src\routes\users.routes.js
FNF:0
FNH:0
DA:2,15
DA:3,15
DA:4,15
DA:5,15
DA:6,15
DA:7,15
DA:8,15
DA:9,15
DA:11,15
DA:17,15
DA:19,15
DA:27,15
DA:34,15
DA:40,15
DA:46,15
DA:54,15
DA:60,15
DA:66,15
DA:72,15
LF:19
LH:19
BRF:0
BRH:0
end_of_record
TN:
SF:src\services\actual.service.js
FN:6,(anonymous_0)
FN:31,(anonymous_1)
FN:97,(anonymous_2)
FN:127,(anonymous_3)
FN:142,(anonymous_4)
FN:143,(anonymous_5)
FN:212,(anonymous_6)
FN:241,(anonymous_7)
FN:273,(anonymous_8)
FN:275,(anonymous_9)
FN:330,(anonymous_10)
FN:360,(anonymous_11)
FN:408,(anonymous_12)
FN:425,(anonymous_13)
FN:426,(anonymous_14)
FN:443,(anonymous_15)
FN:454,(anonymous_16)
FN:503,(anonymous_17)
FN:543,(anonymous_18)
FN:560,(anonymous_19)
FN:599,(anonymous_20)
FN:624,(anonymous_21)
FN:679,(anonymous_22)
FN:685,(anonymous_23)
FN:703,(anonymous_24)
FN:707,(anonymous_25)
FNF:26
FNH:0
FNDA:0,(anonymous_0)
FNDA:0,(anonymous_1)
FNDA:0,(anonymous_2)
FNDA:0,(anonymous_3)
FNDA:0,(anonymous_4)
FNDA:0,(anonymous_5)
FNDA:0,(anonymous_6)
FNDA:0,(anonymous_7)
FNDA:0,(anonymous_8)
FNDA:0,(anonymous_9)
FNDA:0,(anonymous_10)
FNDA:0,(anonymous_11)
FNDA:0,(anonymous_12)
FNDA:0,(anonymous_13)
FNDA:0,(anonymous_14)
FNDA:0,(anonymous_15)
FNDA:0,(anonymous_16)
FNDA:0,(anonymous_17)
FNDA:0,(anonymous_18)
FNDA:0,(anonymous_19)
FNDA:0,(anonymous_20)
FNDA:0,(anonymous_21)
FNDA:0,(anonymous_22)
FNDA:0,(anonymous_23)
FNDA:0,(anonymous_24)
FNDA:0,(anonymous_25)
DA:2,15
DA:3,15
DA:5,15
DA:7,0
DA:28,0
DA:32,0
DA:35,0
DA:36,0
DA:37,0
DA:39,0
DA:40,0
DA:44,0
DA:48,0
DA:49,0
DA:53,0
DA:58,0
DA:90,0
DA:99,0
DA:127,0
DA:128,0
DA:136,0
DA:141,0
DA:142,0
DA:144,0
DA:148,0
DA:152,0
DA:156,0
DA:160,0
DA:177,0
DA:191,0
DA:195,0
DA:202,0
DA:207,0
DA:208,0
DA:209,0
DA:210,0
DA:212,0
DA:213,0
DA:214,0
DA:215,0
DA:218,0
DA:219,0
DA:220,0
DA:224,0
DA:228,0
DA:232,0
DA:242,0
DA:266,0
DA:267,0
DA:270,0
DA:275,0
DA:276,0
DA:284,0
DA:285,0
DA:289,0
DA:290,0
DA:297,0
DA:298,0
DA:302,0
DA:309,0
DA:310,0
DA:312,0
DA:313,0
DA:314,0
DA:315,0
DA:316,0
DA:317,0
DA:321,0
DA:330,0
DA:357,0
DA:362,0
DA:376,0
DA:377,0
DA:381,0
DA:387,0
DA:388,0
DA:392,0
DA:393,0
DA:395,0
DA:396,0
DA:397,0
DA:398,0
DA:399,0
DA:400,0
DA:406,0
DA:408,0
DA:411,0
DA:419,0
DA:420,0
DA:424,0
DA:425,0
DA:426,0
DA:428,0
DA:429,0
DA:438,0
DA:439,0
DA:443,0
DA:454,0
DA:466,0
DA:495,0
DA:500,0
DA:505,0
DA:515,0
DA:516,0
DA:520,0
DA:527,0
DA:528,0
DA:529,0
DA:530,0
DA:531,0
DA:532,0
DA:533,0
DA:534,0
DA:535,0
DA:536,0
DA:540,0
DA:541,0
DA:543,0
DA:544,0
DA:552,0
DA:553,0
DA:557,0
DA:560,0
DA:574,0
DA:596,0
DA:601,0
DA:608,0
DA:609,0
DA:613,0
DA:619,0
DA:625,0
DA:626,0
DA:631,0
DA:634,0
DA:667,0
DA:670,0
DA:671,0
DA:672,0
DA:675,0
DA:679,0
DA:680,0
DA:681,0
DA:682,0
DA:684,0
DA:685,0
DA:686,0
DA:687,0
DA:691,0
DA:692,0
DA:697,0
DA:702,0
DA:703,0
DA:707,0
DA:709,0
DA:714,15
LF:155
LH:4
BRDA:31,0,0,0
BRDA:31,1,0,0
BRDA:36,2,0,0
BRDA:36,2,1,0
BRDA:39,3,0,0
BRDA:39,3,1,0
BRDA:48,4,0,0
BRDA:48,4,1,0
BRDA:128,5,0,0
BRDA:128,5,1,0
BRDA:136,6,0,0
BRDA:136,6,1,0
BRDA:136,7,0,0
BRDA:136,7,1,0
BRDA:144,8,0,0
BRDA:144,8,1,0
BRDA:144,9,0,0
BRDA:144,9,1,0
BRDA:148,10,0,0
BRDA:148,10,1,0
BRDA:148,11,0,0
BRDA:148,11,1,0
BRDA:152,12,0,0
BRDA:152,12,1,0
BRDA:152,13,0,0
BRDA:152,13,1,0
BRDA:156,14,0,0
BRDA:156,14,1,0
BRDA:156,15,0,0
BRDA:156,15,1,0
BRDA:202,16,0,0
BRDA:202,16,1,0
BRDA:213,17,0,0
BRDA:213,17,1,0
BRDA:218,18,0,0
BRDA:218,18,1,0
BRDA:224,19,0,0
BRDA:224,19,1,0
BRDA:228,20,0,0
BRDA:228,20,1,0
BRDA:266,21,0,0
BRDA:266,21,1,0
BRDA:284,22,0,0
BRDA:284,22,1,0
BRDA:289,23,0,0
BRDA:289,23,1,0
BRDA:297,24,0,0
BRDA:297,24,1,0
BRDA:310,25,0,0
BRDA:310,25,1,0
BRDA:324,26,0,0
BRDA:324,26,1,0
BRDA:332,27,0,0
BRDA:332,27,1,0
BRDA:376,28,0,0
BRDA:376,28,1,0
BRDA:387,29,0,0
BRDA:387,29,1,0
BRDA:393,30,0,0
BRDA:393,30,1,0
BRDA:406,31,0,0
BRDA:406,31,1,0
BRDA:419,32,0,0
BRDA:419,32,1,0
BRDA:428,33,0,0
BRDA:428,33,1,0
BRDA:438,34,0,0
BRDA:438,34,1,0
BRDA:445,35,0,0
BRDA:445,35,1,0
BRDA:473,36,0,0
BRDA:473,36,1,0
BRDA:515,37,0,0
BRDA:515,37,1,0
BRDA:522,38,0,0
BRDA:522,38,1,0
BRDA:527,39,0,0
BRDA:527,39,1,0
BRDA:535,40,0,0
BRDA:535,40,1,0
BRDA:541,41,0,0
BRDA:541,41,1,0
BRDA:552,42,0,0
BRDA:552,42,1,0
BRDA:562,43,0,0
BRDA:562,43,1,0
BRDA:608,44,0,0
BRDA:608,44,1,0
BRDA:613,45,0,0
BRDA:613,45,1,0
BRDA:624,46,0,0
BRDA:686,47,0,0
BRDA:686,47,1,0
BRDA:691,48,0,0
BRDA:691,48,1,0
BRDA:707,49,0,0
BRDA:707,49,1,0
BRF:97
BRH:0
end_of_record
TN:
SF:src\services\ai.service.js
FN:34,(anonymous_0)
FN:123,(anonymous_1)
FN:131,(anonymous_2)
FN:146,(anonymous_3)
FN:156,(anonymous_4)
FNF:5
FNH:0
FNDA:0,(anonymous_0)
FNDA:0,(anonymous_1)
FNDA:0,(anonymous_2)
FNDA:0,(anonymous_3)
FNDA:0,(anonymous_4)
DA:2,15
DA:3,15
DA:4,15
DA:6,15
DA:7,15
DA:8,15
DA:9,15
DA:11,15
DA:12,15
DA:16,15
DA:17,15
DA:18,15
DA:23,15
DA:25,0
DA:26,0
DA:29,0
DA:30,0
DA:33,15
DA:35,0
DA:36,0
DA:39,0
DA:40,0
DA:41,0
DA:42,0
DA:44,0
DA:52,0
DA:53,0
DA:56,0
DA:57,0
DA:58,0
DA:62,0
DA:63,0
DA:64,0
DA:71,0
DA:72,0
DA:73,0
DA:74,0
DA:78,0
DA:82,0
DA:83,0
DA:84,0
DA:89,0
DA:96,0
DA:98,0
DA:99,0
DA:100,0
DA:103,0
DA:109,0
DA:110,0
DA:111,0
DA:117,0
DA:118,0
DA:119,0
DA:124,0
DA:125,0
DA:132,0
DA:133,0
DA:134,0
DA:135,0
DA:137,0
DA:138,0
DA:139,0
DA:143,0
DA:147,0
DA:151,0
DA:152,0
DA:153,0
DA:157,0
DA:158,0
DA:159,0
DA:160,0
DA:161,0
DA:165,15
LF:73
LH:15
BRDA:7,0,0,15
BRDA:7,0,1,15
BRDA:8,1,0,15
BRDA:8,1,1,15
BRDA:9,2,0,15
BRDA:9,2,1,15
BRDA:16,3,0,15
BRDA:16,3,1,0
BRDA:16,4,0,15
BRDA:16,4,1,15
BRDA:35,5,0,0
BRDA:35,5,1,0
BRDA:52,6,0,0
BRDA:52,6,1,0
BRDA:56,7,0,0
BRDA:56,7,1,0
BRDA:73,8,0,0
BRDA:73,8,1,0
BRDA:73,9,0,0
BRDA:73,9,1,0
BRDA:96,10,0,0
BRDA:96,10,1,0
BRDA:99,11,0,0
BRDA:99,11,1,0
BRDA:118,12,0,0
BRDA:118,12,1,0
BRDA:131,13,0,0
BRDA:131,14,0,0
BRDA:134,15,0,0
BRDA:134,15,1,0
BRDA:151,16,0,0
BRDA:151,16,1,0
BRDA:152,17,0,0
BRDA:152,17,1,0
BRDA:158,18,0,0
BRDA:158,18,1,0
BRDA:159,19,0,0
BRDA:159,19,1,0
BRF:38
BRH:9
end_of_record
TN:
SF:src\services\auth.service.js
FN:8,(anonymous_0)
FN:62,(anonymous_1)
FNF:2
FNH:0
FNDA:0,(anonymous_0)
FNDA:0,(anonymous_1)
DA:2,15
DA:3,15
DA:4,15
DA:5,15
DA:7,15
DA:10,0
DA:14,0
DA:15,0
DA:19,0
DA:22,0
DA:25,0
DA:40,0
DA:50,0
DA:64,0
DA:68,0
DA:69,0
DA:73,0
DA:75,0
DA:76,0
DA:80,0
DA:90,0
DA:103,15
LF:22
LH:6
BRDA:14,0,0,0
BRDA:14,0,1,0
BRDA:22,1,0,0
BRDA:22,1,1,0
BRDA:30,2,0,0
BRDA:30,2,1,0
BRDA:44,3,0,0
BRDA:44,3,1,0
BRDA:55,4,0,0
BRDA:55,4,1,0
BRDA:68,5,0,0
BRDA:68,5,1,0
BRDA:75,6,0,0
BRDA:75,6,1,0
BRDA:84,7,0,0
BRDA:84,7,1,0
BRDA:95,8,0,0
BRDA:95,8,1,0
BRF:18
BRH:0
end_of_record
TN:
SF:src\services\booking.service.js
FN:6,(anonymous_0)
FN:41,(anonymous_1)
FN:50,(anonymous_2)
FN:66,(anonymous_3)
FN:112,(anonymous_4)
FN:160,(anonymous_5)
FN:198,(anonymous_6)
FN:290,(anonymous_7)
FN:348,(anonymous_8)
FN:375,(anonymous_9)
FN:421,(anonymous_10)
FNF:11
FNH:0
FNDA:0,(anonymous_0)
FNDA:0,(anonymous_1)
FNDA:0,(anonymous_2)
FNDA:0,(anonymous_3)
FNDA:0,(anonymous_4)
FNDA:0,(anonymous_5)
FNDA:0,(anonymous_6)
FNDA:0,(anonymous_7)
FNDA:0,(anonymous_8)
FNDA:0,(anonymous_9)
FNDA:0,(anonymous_10)
DA:2,15
DA:3,15
DA:5,15
DA:7,0
DA:38,0
DA:42,0
DA:47,0
DA:48,0
DA:50,0
DA:52,0
DA:63,0
DA:67,0
DA:69,0
DA:109,0
DA:113,0
DA:114,0
DA:118,0
DA:127,0
DA:129,0
DA:130,0
DA:135,0
DA:142,0
DA:143,0
DA:144,0
DA:152,0
DA:161,0
DA:191,0
DA:192,0
DA:195,0
DA:199,0
DA:202,0
DA:218,0
DA:219,0
DA:223,0
DA:224,0
DA:228,0
DA:229,0
DA:233,0
DA:234,0
DA:236,0
DA:237,0
DA:241,0
DA:251,0
DA:252,0
DA:256,0
DA:273,0
DA:274,0
DA:278,0
DA:279,0
DA:283,0
DA:284,0
DA:285,0
DA:290,0
DA:292,0
DA:323,0
DA:333,0
DA:342,0
DA:345,0
DA:350,0
DA:360,0
DA:361,0
DA:365,0
DA:366,0
DA:370,0
DA:371,0
DA:375,0
DA:377,0
DA:386,0
DA:399,0
DA:404,0
DA:405,0
DA:407,0
DA:408,0
DA:425,0
DA:435,0
DA:436,0
DA:440,0
DA:441,0
DA:445,0
DA:446,0
DA:447,0
DA:451,0
DA:461,15
LF:83
LH:4
BRDA:47,0,0,0
BRDA:47,0,1,0
BRDA:112,1,0,0
BRDA:112,2,0,0
BRDA:112,3,0,0
BRDA:129,4,0,0
BRDA:129,4,1,0
BRDA:191,5,0,0
BRDA:191,5,1,0
BRDA:218,6,0,0
BRDA:218,6,1,0
BRDA:223,7,0,0
BRDA:223,7,1,0
BRDA:228,8,0,0
BRDA:228,8,1,0
BRDA:233,9,0,0
BRDA:233,9,1,0
BRDA:236,10,0,0
BRDA:236,10,1,0
BRDA:236,11,0,0
BRDA:236,11,1,0
BRDA:251,12,0,0
BRDA:251,12,1,0
BRDA:273,13,0,0
BRDA:273,13,1,0
BRDA:278,14,0,0
BRDA:278,14,1,0
BRDA:278,15,0,0
BRDA:278,15,1,0
BRDA:283,16,0,0
BRDA:283,16,1,0
BRDA:284,17,0,0
BRDA:284,17,1,0
BRDA:360,18,0,0
BRDA:360,18,1,0
BRDA:365,19,0,0
BRDA:365,19,1,0
BRDA:370,20,0,0
BRDA:370,20,1,0
BRDA:404,21,0,0
BRDA:404,21,1,0
BRDA:404,22,0,0
BRDA:404,22,1,0
BRDA:407,23,0,0
BRDA:407,23,1,0
BRDA:435,24,0,0
BRDA:435,24,1,0
BRDA:440,25,0,0
BRDA:440,25,1,0
BRDA:446,26,0,0
BRDA:446,26,1,0
BRF:51
BRH:0
end_of_record
TN:
SF:src\services\class.service.js
FN:6,(anonymous_0)
FN:65,(anonymous_1)
FN:103,(anonymous_2)
FN:166,(anonymous_3)
FNF:4
FNH:0
FNDA:0,(anonymous_0)
FNDA:0,(anonymous_1)
FNDA:0,(anonymous_2)
FNDA:0,(anonymous_3)
DA:2,15
DA:3,15
DA:5,15
DA:14,0
DA:15,0
DA:16,0
DA:17,0
DA:18,0
DA:24,0
DA:32,0
DA:34,0
DA:35,0
DA:40,0
DA:47,0
DA:48,0
DA:49,0
DA:57,0
DA:66,0
DA:92,0
DA:93,0
DA:96,0
DA:97,0
DA:100,0
DA:104,0
DA:109,0
DA:110,0
DA:112,0
DA:113,0
DA:116,0
DA:122,0
DA:123,0
DA:127,0
DA:128,0
DA:131,0
DA:132,0
DA:139,0
DA:166,0
DA:167,0
DA:168,0
DA:169,0
DA:171,0
DA:179,0
DA:183,15
LF:43
LH:4
BRDA:10,0,0,0
BRDA:11,1,0,0
BRDA:12,2,0,0
BRDA:15,3,0,0
BRDA:15,3,1,0
BRDA:16,4,0,0
BRDA:16,4,1,0
BRDA:17,5,0,0
BRDA:17,5,1,0
BRDA:34,6,0,0
BRDA:34,6,1,0
BRDA:92,7,0,0
BRDA:92,7,1,0
BRDA:96,8,0,0
BRDA:96,8,1,0
BRDA:109,9,0,0
BRDA:109,9,1,0
BRDA:112,10,0,0
BRDA:112,10,1,0
BRDA:122,11,0,0
BRDA:122,11,1,0
BRDA:122,12,0,0
BRDA:122,12,1,0
BRDA:127,13,0,0
BRDA:127,13,1,0
BRDA:131,14,0,0
BRDA:131,14,1,0
BRDA:167,15,0,0
BRDA:167,15,1,0
BRF:29
BRH:0
end_of_record
TN:
SF:src\services\competition.service.js
FN:8,(anonymous_0)
FN:63,(anonymous_1)
FN:75,(anonymous_2)
FN:83,(anonymous_3)
FN:115,(anonymous_4)
FN:127,(anonymous_5)
FN:169,(anonymous_6)
FN:236,(anonymous_7)
FN:256,(anonymous_8)
FN:280,(anonymous_9)
FN:311,(anonymous_10)
FN:339,(anonymous_11)
FN:375,(anonymous_12)
FN:388,(anonymous_13)
FN:405,(anonymous_14)
FN:421,(anonymous_15)
FN:481,(anonymous_16)
FN:494,(anonymous_17)
FN:516,(anonymous_18)
FN:584,(anonymous_19)
FN:605,(anonymous_20)
FN:636,(anonymous_21)
FN:659,(anonymous_22)
FN:725,(anonymous_23)
FN:773,(anonymous_24)
FN:819,(anonymous_25)
FNF:26
FNH:0
FNDA:0,(anonymous_0)
FNDA:0,(anonymous_1)
FNDA:0,(anonymous_2)
FNDA:0,(anonymous_3)
FNDA:0,(anonymous_4)
FNDA:0,(anonymous_5)
FNDA:0,(anonymous_6)
FNDA:0,(anonymous_7)
FNDA:0,(anonymous_8)
FNDA:0,(anonymous_9)
FNDA:0,(anonymous_10)
FNDA:0,(anonymous_11)
FNDA:0,(anonymous_12)
FNDA:0,(anonymous_13)
FNDA:0,(anonymous_14)
FNDA:0,(anonymous_15)
FNDA:0,(anonymous_16)
FNDA:0,(anonymous_17)
FNDA:0,(anonymous_18)
FNDA:0,(anonymous_19)
FNDA:0,(anonymous_20)
FNDA:0,(anonymous_21)
FNDA:0,(anonymous_22)
FNDA:0,(anonymous_23)
FNDA:0,(anonymous_24)
FNDA:0,(anonymous_25)
DA:2,15
DA:3,15
DA:5,15
DA:16,0
DA:29,0
DA:30,0
DA:33,0
DA:55,0
DA:67,0
DA:72,0
DA:73,0
DA:75,0
DA:78,0
DA:83,0
DA:85,0
DA:99,0
DA:100,0
DA:101,0
DA:111,0
DA:119,0
DA:124,0
DA:125,0
DA:127,0
DA:129,0
DA:145,0
DA:148,0
DA:150,0
DA:164,0
DA:170,0
DA:201,0
DA:202,0
DA:205,0
DA:206,0
DA:207,0
DA:229,0
DA:238,0
DA:242,0
DA:243,0
DA:246,0
DA:258,0
DA:262,0
DA:263,0
DA:267,0
DA:273,0
DA:282,0
DA:293,0
DA:294,0
DA:298,0
DA:299,0
DA:306,0
DA:312,0
DA:315,0
DA:316,0
DA:319,0
DA:333,0
DA:341,0
DA:345,0
DA:346,0
DA:350,0
DA:351,0
DA:355,0
DA:356,0
DA:361,0
DA:369,0
DA:373,0
DA:374,0
DA:375,0
DA:384,0
DA:390,0
DA:394,0
DA:395,0
DA:398,0
DA:407,0
DA:411,0
DA:412,0
DA:415,0
DA:423,0
DA:437,0
DA:438,0
DA:442,0
DA:444,0
DA:448,0
DA:455,0
DA:457,0
DA:458,0
DA:463,0
DA:467,0
DA:479,0
DA:480,0
DA:481,0
DA:490,0
DA:496,0
DA:504,0
DA:505,0
DA:509,0
DA:518,0
DA:523,0
DA:524,0
DA:528,0
DA:536,0
DA:537,0
DA:541,0
DA:542,0
DA:546,0
DA:555,0
DA:556,0
DA:560,0
DA:564,0
DA:578,0
DA:580,0
DA:586,0
DA:597,0
DA:598,0
DA:602,0
DA:603,0
DA:605,0
DA:606,0
DA:607,0
DA:608,0
DA:611,0
DA:612,0
DA:613,0
DA:618,0
DA:623,0
DA:632,0
DA:638,0
DA:650,0
DA:651,0
DA:661,0
DA:665,0
DA:666,0
DA:670,0
DA:677,0
DA:680,0
DA:708,0
DA:726,0
DA:732,0
DA:733,0
DA:736,0
DA:765,0
DA:775,0
DA:795,0
DA:796,0
DA:800,0
DA:817,0
DA:819,0
DA:827,15
LF:147
LH:4
BRDA:10,0,0,0
BRDA:11,1,0,0
BRDA:12,2,0,0
BRDA:13,3,0,0
BRDA:14,4,0,0
BRDA:17,5,0,0
BRDA:17,5,1,0
BRDA:18,6,0,0
BRDA:18,6,1,0
BRDA:19,7,0,0
BRDA:19,7,1,0
BRDA:25,8,0,0
BRDA:25,8,1,0
BRDA:65,9,0,0
BRDA:65,10,0,0
BRDA:65,11,0,0
BRDA:65,12,0,0
BRDA:72,13,0,0
BRDA:72,13,1,0
BRDA:87,14,0,0
BRDA:87,14,1,0
BRDA:88,15,0,0
BRDA:88,15,1,0
BRDA:89,16,0,0
BRDA:89,16,1,0
BRDA:96,17,0,0
BRDA:96,17,1,0
BRDA:117,18,0,0
BRDA:117,19,0,0
BRDA:117,20,0,0
BRDA:117,21,0,0
BRDA:124,22,0,0
BRDA:124,22,1,0
BRDA:134,23,0,0
BRDA:134,23,1,0
BRDA:135,24,0,0
BRDA:135,24,1,0
BRDA:141,25,0,0
BRDA:141,25,1,0
BRDA:169,26,0,0
BRDA:201,27,0,0
BRDA:201,27,1,0
BRDA:206,28,0,0
BRDA:206,28,1,0
BRDA:242,29,0,0
BRDA:242,29,1,0
BRDA:262,30,0,0
BRDA:262,30,1,0
BRDA:269,31,0,0
BRDA:269,31,1,0
BRDA:270,32,0,0
BRDA:270,32,1,0
BRDA:293,33,0,0
BRDA:293,33,1,0
BRDA:298,34,0,0
BRDA:298,34,1,0
BRDA:315,35,0,0
BRDA:315,35,1,0
BRDA:345,36,0,0
BRDA:345,36,1,0
BRDA:350,37,0,0
BRDA:350,37,1,0
BRDA:355,38,0,0
BRDA:355,38,1,0
BRDA:373,39,0,0
BRDA:373,39,1,0
BRDA:394,40,0,0
BRDA:394,40,1,0
BRDA:411,41,0,0
BRDA:411,41,1,0
BRDA:437,42,0,0
BRDA:437,42,1,0
BRDA:442,43,0,0
BRDA:442,43,1,0
BRDA:442,44,0,0
BRDA:442,44,1,0
BRDA:455,45,0,0
BRDA:455,45,1,0
BRDA:457,46,0,0
BRDA:457,46,1,0
BRDA:479,47,0,0
BRDA:479,47,1,0
BRDA:504,48,0,0
BRDA:504,48,1,0
BRDA:523,49,0,0
BRDA:523,49,1,0
BRDA:536,50,0,0
BRDA:536,50,1,0
BRDA:541,51,0,0
BRDA:541,51,1,0
BRDA:541,52,0,0
BRDA:541,52,1,0
BRDA:555,53,0,0
BRDA:555,53,1,0
BRDA:560,54,0,0
BRDA:560,54,1,0
BRDA:569,55,0,0
BRDA:569,55,1,0
BRDA:569,55,2,0
BRDA:597,56,0,0
BRDA:597,56,1,0
BRDA:606,57,0,0
BRDA:606,57,1,0
BRDA:612,58,0,0
BRDA:612,58,1,0
BRDA:612,59,0,0
BRDA:612,59,1,0
BRDA:618,60,0,0
BRDA:618,60,1,0
BRDA:659,61,0,0
BRDA:659,62,0,0
BRDA:665,63,0,0
BRDA:665,63,1,0
BRDA:725,64,0,0
BRDA:725,65,0,0
BRDA:725,66,0,0
BRDA:728,67,0,0
BRDA:728,67,1,0
BRDA:795,68,0,0
BRDA:795,68,1,0
BRDA:821,69,0,0
BRDA:821,69,1,0
BRF:122
BRH:0
end_of_record
TN:
SF:src\services\dietEntry.service.js
FN:7,(anonymous_0)
FN:42,(anonymous_1)
FN:70,(anonymous_2)
FN:92,(anonymous_3)
FN:120,(anonymous_4)
FN:172,(anonymous_5)
FN:193,(anonymous_6)
FN:219,(anonymous_7)
FN:236,(anonymous_8)
FN:257,(anonymous_9)
FN:300,(anonymous_10)
FN:317,(anonymous_11)
FN:321,(anonymous_12)
FNF:13
FNH:0
FNDA:0,(anonymous_0)
FNDA:0,(anonymous_1)
FNDA:0,(anonymous_2)
FNDA:0,(anonymous_3)
FNDA:0,(anonymous_4)
FNDA:0,(anonymous_5)
FNDA:0,(anonymous_6)
FNDA:0,(anonymous_7)
FNDA:0,(anonymous_8)
FNDA:0,(anonymous_9)
FNDA:0,(anonymous_10)
FNDA:0,(anonymous_11)
FNDA:0,(anonymous_12)
DA:2,15
DA:3,15
DA:5,15
DA:11,0
DA:18,0
DA:19,0
DA:21,0
DA:34,0
DA:46,0
DA:53,0
DA:64,0
DA:71,0
DA:78,0
DA:79,0
DA:82,0
DA:83,0
DA:89,0
DA:93,0
DA:97,0
DA:98,0
DA:102,0
DA:104,0
DA:121,0
DA:125,0
DA:126,0
DA:129,0
DA:130,0
DA:136,0
DA:137,0
DA:138,0
DA:140,0
DA:142,0
DA:146,0
DA:147,0
DA:149,0
DA:152,0
DA:163,0
DA:173,0
DA:177,0
DA:178,0
DA:181,0
DA:182,0
DA:188,0
DA:194,0
DA:197,0
DA:199,0
DA:215,0
DA:216,0
DA:217,0
DA:219,0
DA:220,0
DA:221,0
DA:222,0
DA:224,0
DA:226,0
DA:227,0
DA:228,0
DA:230,0
DA:232,0
DA:235,0
DA:236,0
DA:242,0
DA:244,0
DA:258,0
DA:259,0
DA:264,0
DA:267,0
DA:288,0
DA:291,0
DA:292,0
DA:293,0
DA:296,0
DA:300,0
DA:301,0
DA:302,0
DA:303,0
DA:305,0
DA:306,0
DA:307,0
DA:310,0
DA:316,0
DA:317,0
DA:321,0
DA:323,0
DA:327,15
LF:85
LH:4
BRDA:9,0,0,0
BRDA:9,1,0,0
BRDA:13,2,0,0
BRDA:13,2,1,0
BRDA:14,3,0,0
BRDA:14,3,1,0
BRDA:15,4,0,0
BRDA:15,4,1,0
BRDA:48,5,0,0
BRDA:48,5,1,0
BRDA:49,6,0,0
BRDA:49,6,1,0
BRDA:50,7,0,0
BRDA:50,7,1,0
BRDA:78,8,0,0
BRDA:78,8,1,0
BRDA:82,9,0,0
BRDA:82,9,1,0
BRDA:97,10,0,0
BRDA:97,10,1,0
BRDA:111,11,0,0
BRDA:111,11,1,0
BRDA:125,12,0,0
BRDA:125,12,1,0
BRDA:129,13,0,0
BRDA:129,13,1,0
BRDA:137,14,0,0
BRDA:137,14,1,0
BRDA:137,15,0,0
BRDA:137,15,1,0
BRDA:138,16,0,0
BRDA:138,16,1,0
BRDA:140,17,0,0
BRDA:140,17,1,0
BRDA:146,18,0,0
BRDA:146,18,1,0
BRDA:153,19,0,0
BRDA:153,19,1,0
BRDA:154,20,0,0
BRDA:154,20,1,0
BRDA:156,21,0,0
BRDA:156,21,1,0
BRDA:159,22,0,0
BRDA:159,22,1,0
BRDA:160,23,0,0
BRDA:160,23,1,0
BRDA:177,24,0,0
BRDA:177,24,1,0
BRDA:181,25,0,0
BRDA:181,25,1,0
BRDA:194,26,0,0
BRDA:194,26,1,0
BRDA:197,27,0,0
BRDA:197,27,1,0
BRDA:221,28,0,0
BRDA:221,28,1,0
BRDA:226,29,0,0
BRDA:226,29,1,0
BRDA:227,30,0,0
BRDA:227,30,1,0
BRDA:242,31,0,0
BRDA:242,31,1,0
BRDA:257,32,0,0
BRDA:305,33,0,0
BRDA:305,33,1,0
BRDA:306,34,0,0
BRDA:306,34,1,0
BRDA:321,35,0,0
BRDA:321,35,1,0
BRF:69
BRH:0
end_of_record
TN:
SF:src\services\exercises.service.js
FN:6,(anonymous_0)
FN:30,(anonymous_1)
FN:42,(anonymous_2)
FN:69,(anonymous_3)
FN:113,(anonymous_4)
FNF:5
FNH:0
FNDA:0,(anonymous_0)
FNDA:0,(anonymous_1)
FNDA:0,(anonymous_2)
FNDA:0,(anonymous_3)
FNDA:0,(anonymous_4)
DA:2,15
DA:3,15
DA:5,15
DA:7,0
DA:9,0
DA:10,0
DA:13,0
DA:14,0
DA:20,0
DA:27,0
DA:31,0
DA:35,0
DA:36,0
DA:39,0
DA:44,0
DA:53,0
DA:54,0
DA:57,0
DA:66,0
DA:71,0
DA:75,0
DA:76,0
DA:80,0
DA:81,0
DA:93,0
DA:94,0
DA:99,0
DA:100,0
DA:101,0
DA:102,0
DA:103,0
DA:105,0
DA:110,0
DA:115,0
DA:119,0
DA:120,0
DA:124,0
DA:128,0
DA:129,0
DA:132,0
DA:136,0
DA:137,0
DA:140,0
DA:146,15
LF:44
LH:4
BRDA:9,0,0,0
BRDA:9,0,1,0
BRDA:13,1,0,0
BRDA:13,1,1,0
BRDA:35,2,0,0
BRDA:35,2,1,0
BRDA:53,3,0,0
BRDA:53,3,1,0
BRDA:75,4,0,0
BRDA:75,4,1,0
BRDA:80,5,0,0
BRDA:80,5,1,0
BRDA:80,6,0,0
BRDA:80,6,1,0
BRDA:93,7,0,0
BRDA:93,7,1,0
BRDA:100,8,0,0
BRDA:100,8,1,0
BRDA:101,9,0,0
BRDA:101,9,1,0
BRDA:102,10,0,0
BRDA:102,10,1,0
BRDA:103,11,0,0
BRDA:103,11,1,0
BRDA:119,12,0,0
BRDA:119,12,1,0
BRDA:128,13,0,0
BRDA:128,13,1,0
BRDA:136,14,0,0
BRDA:136,14,1,0
BRF:30
BRH:0
end_of_record
TN:
SF:src\services\foodItem.service.js
FN:7,(anonymous_0)
FN:28,(anonymous_1)
FN:58,(anonymous_2)
FN:71,(anonymous_3)
FN:93,(anonymous_4)
FN:121,(anonymous_5)
FNF:6
FNH:0
FNDA:0,(anonymous_0)
FNDA:0,(anonymous_1)
FNDA:0,(anonymous_2)
FNDA:0,(anonymous_3)
FNDA:0,(anonymous_4)
FNDA:0,(anonymous_5)
DA:2,15
DA:3,15
DA:5,15
DA:8,0
DA:18,0
DA:23,0
DA:29,0
DA:39,0
DA:40,0
DA:43,0
DA:50,0
DA:59,0
DA:63,0
DA:64,0
DA:67,0
DA:73,0
DA:77,0
DA:78,0
DA:81,0
DA:95,0
DA:99,0
DA:100,0
DA:104,0
DA:105,0
DA:109,0
DA:110,0
DA:114,0
DA:123,0
DA:127,0
DA:128,0
DA:132,0
DA:136,0
DA:137,0
DA:140,0
DA:146,15
LF:35
LH:4
BRDA:7,0,0,0
BRDA:8,1,0,0
BRDA:8,1,1,0
BRDA:28,2,0,0
BRDA:28,3,0,0
BRDA:28,4,0,0
BRDA:29,5,0,0
BRDA:29,5,1,0
BRDA:63,6,0,0
BRDA:63,6,1,0
BRDA:77,7,0,0
BRDA:77,7,1,0
BRDA:99,8,0,0
BRDA:99,8,1,0
BRDA:104,9,0,0
BRDA:104,9,1,0
BRDA:104,10,0,0
BRDA:104,10,1,0
BRDA:109,11,0,0
BRDA:109,11,1,0
BRDA:127,12,0,0
BRDA:127,12,1,0
BRDA:136,13,0,0
BRDA:136,13,1,0
BRF:24
BRH:0
end_of_record
TN:
SF:src\services\gym.service.js
FN:25,(anonymous_0)
FN:66,(anonymous_1)
FN:76,(anonymous_2)
FN:108,(anonymous_3)
FN:131,(anonymous_4)
FN:168,(anonymous_5)
FN:189,(anonymous_6)
FN:194,(anonymous_7)
FNF:8
FNH:0
FNDA:0,(anonymous_0)
FNDA:0,(anonymous_1)
FNDA:0,(anonymous_2)
FNDA:0,(anonymous_3)
FNDA:0,(anonymous_4)
FNDA:0,(anonymous_5)
FNDA:0,(anonymous_6)
FNDA:0,(anonymous_7)
DA:2,15
DA:3,15
DA:6,15
DA:23,15
DA:26,0
DA:27,0
DA:28,0
DA:34,0
DA:35,0
DA:40,0
DA:48,0
DA:49,0
DA:50,0
DA:58,0
DA:67,0
DA:73,0
DA:77,0
DA:78,0
DA:80,0
DA:81,0
DA:87,0
DA:91,0
DA:101,0
DA:109,0
DA:125,0
DA:126,0
DA:128,0
DA:132,0
DA:136,0
DA:137,0
DA:139,0
DA:165,0
DA:169,0
DA:173,0
DA:174,0
DA:176,0
DA:185,0
DA:190,0
DA:191,0
DA:195,0
DA:198,0
DA:204,15
LF:42
LH:5
BRDA:25,0,0,0
BRDA:25,1,0,0
BRDA:25,2,0,0
BRDA:27,3,0,0
BRDA:27,3,1,0
BRDA:34,4,0,0
BRDA:34,4,1,0
BRDA:76,5,0,0
BRDA:76,6,0,0
BRDA:80,7,0,0
BRDA:80,7,1,0
BRDA:125,8,0,0
BRDA:125,8,1,0
BRDA:136,9,0,0
BRDA:136,9,1,0
BRDA:173,10,0,0
BRDA:173,10,1,0
BRF:17
BRH:0
end_of_record
TN:
SF:src\services\membership.service.js
FN:6,(anonymous_0)
FN:28,(anonymous_1)
FN:37,(anonymous_2)
FN:61,(anonymous_3)
FN:110,(anonymous_4)
FN:148,(anonymous_5)
FN:190,(anonymous_6)
FN:228,(anonymous_7)
FN:259,(anonymous_8)
FN:286,(anonymous_9)
FN:307,(anonymous_10)
FNF:11
FNH:0
FNDA:0,(anonymous_0)
FNDA:0,(anonymous_1)
FNDA:0,(anonymous_2)
FNDA:0,(anonymous_3)
FNDA:0,(anonymous_4)
FNDA:0,(anonymous_5)
FNDA:0,(anonymous_6)
FNDA:0,(anonymous_7)
FNDA:0,(anonymous_8)
FNDA:0,(anonymous_9)
FNDA:0,(anonymous_10)
DA:2,15
DA:3,15
DA:5,15
DA:7,0
DA:25,0
DA:29,0
DA:34,0
DA:35,0
DA:37,0
DA:39,0
DA:40,0
DA:41,0
DA:43,0
DA:58,0
DA:62,0
DA:103,0
DA:104,0
DA:107,0
DA:111,0
DA:114,0
DA:122,0
DA:123,0
DA:127,0
DA:138,0
DA:139,0
DA:143,0
DA:144,0
DA:145,0
DA:148,0
DA:150,0
DA:172,0
DA:183,0
DA:187,0
DA:192,0
DA:199,0
DA:200,0
DA:204,0
DA:205,0
DA:209,0
DA:225,0
DA:230,0
DA:237,0
DA:238,0
DA:242,0
DA:243,0
DA:247,0
DA:261,0
DA:269,0
DA:270,0
DA:274,0
DA:281,0
DA:287,0
DA:288,0
DA:289,0
DA:292,0
DA:302,0
DA:303,0
DA:304,0
DA:306,0
DA:308,0
DA:319,0
DA:323,15
LF:62
LH:4
BRDA:34,0,0,0
BRDA:34,0,1,0
BRDA:58,1,0,0
BRDA:58,1,1,0
BRDA:103,2,0,0
BRDA:103,2,1,0
BRDA:122,3,0,0
BRDA:122,3,1,0
BRDA:138,4,0,0
BRDA:138,4,1,0
BRDA:199,5,0,0
BRDA:199,5,1,0
BRDA:204,6,0,0
BRDA:204,6,1,0
BRDA:237,7,0,0
BRDA:237,7,1,0
BRDA:242,8,0,0
BRDA:242,8,1,0
BRDA:269,9,0,0
BRDA:269,9,1,0
BRF:20
BRH:0
end_of_record
TN:
SF:src\services\membershipPlan.service.js
FN:6,(anonymous_0)
FN:55,(anonymous_1)
FN:69,(anonymous_2)
FN:80,(anonymous_3)
FN:122,(anonymous_4)
FNF:5
FNH:0
FNDA:0,(anonymous_0)
FNDA:0,(anonymous_1)
FNDA:0,(anonymous_2)
FNDA:0,(anonymous_3)
FNDA:0,(anonymous_4)
DA:2,15
DA:3,15
DA:5,15
DA:7,0
DA:11,0
DA:12,0
DA:16,0
DA:17,0
DA:24,0
DA:31,0
DA:32,0
DA:36,0
DA:52,0
DA:56,0
DA:62,0
DA:63,0
DA:65,0
DA:70,0
DA:71,0
DA:72,0
DA:74,0
DA:81,0
DA:86,0
DA:87,0
DA:90,0
DA:91,0
DA:98,0
DA:99,0
DA:106,0
DA:107,0
DA:112,0
DA:119,0
DA:123,0
DA:133,0
DA:134,0
DA:137,0
DA:138,0
DA:145,0
DA:146,0
DA:154,0
DA:157,0
DA:161,15
LF:42
LH:4
BRDA:11,0,0,0
BRDA:11,0,1,0
BRDA:16,1,0,0
BRDA:16,1,1,0
BRDA:16,2,0,0
BRDA:16,2,1,0
BRDA:31,3,0,0
BRDA:31,3,1,0
BRDA:62,4,0,0
BRDA:62,4,1,0
BRDA:71,5,0,0
BRDA:71,5,1,0
BRDA:86,6,0,0
BRDA:86,6,1,0
BRDA:90,7,0,0
BRDA:90,7,1,0
BRDA:90,8,0,0
BRDA:90,8,1,0
BRDA:98,9,0,0
BRDA:98,9,1,0
BRDA:98,10,0,0
BRDA:98,10,1,0
BRDA:106,11,0,0
BRDA:106,11,1,0
BRDA:133,12,0,0
BRDA:133,12,1,0
BRDA:137,13,0,0
BRDA:137,13,1,0
BRDA:137,14,0,0
BRDA:137,14,1,0
BRDA:145,15,0,0
BRDA:145,15,1,0
BRF:32
BRH:0
end_of_record
TN:
SF:src\services\notifications.service.js
FN:26,(anonymous_0)
FN:28,(anonymous_1)
FN:37,(anonymous_2)
FN:46,(anonymous_3)
FN:53,(anonymous_4)
FN:89,(anonymous_5)
FN:99,(anonymous_6)
FN:128,(anonymous_7)
FN:179,(anonymous_8)
FNF:9
FNH:0
FNDA:0,(anonymous_0)
FNDA:0,(anonymous_1)
FNDA:0,(anonymous_2)
FNDA:0,(anonymous_3)
FNDA:0,(anonymous_4)
FNDA:0,(anonymous_5)
FNDA:0,(anonymous_6)
FNDA:0,(anonymous_7)
FNDA:0,(anonymous_8)
DA:2,15
DA:3,15
DA:4,15
DA:8,15
DA:9,0
DA:21,15
DA:24,15
DA:28,0
DA:29,0
DA:30,0
DA:33,0
DA:41,0
DA:42,0
DA:48,0
DA:49,0
DA:54,0
DA:55,0
DA:56,0
DA:59,0
DA:60,0
DA:63,0
DA:86,0
DA:89,0
DA:90,0
DA:92,0
DA:93,0
DA:94,0
DA:98,0
DA:100,0
DA:102,0
DA:103,0
DA:104,0
DA:105,0
DA:108,0
DA:109,0
DA:112,0
DA:117,0
DA:118,0
DA:129,0
DA:131,0
DA:132,0
DA:133,0
DA:134,0
DA:137,0
DA:138,0
DA:141,0
DA:150,0
DA:151,0
DA:159,0
DA:160,0
DA:164,0
DA:169,0
DA:170,0
DA:172,0
DA:173,0
DA:178,0
DA:179,0
DA:181,0
DA:182,0
DA:188,15
DA:189,0
DA:192,15
LF:62
LH:8
BRDA:8,0,0,0
BRDA:8,0,1,15
BRDA:92,1,0,0
BRDA:92,1,1,0
BRDA:102,2,0,0
BRDA:102,2,1,0
BRDA:102,3,0,0
BRDA:102,3,1,0
BRDA:104,4,0,0
BRDA:104,4,1,0
BRDA:108,5,0,0
BRDA:108,5,1,0
BRDA:120,6,0,0
BRDA:120,6,1,0
BRDA:124,7,0,0
BRDA:124,7,1,0
BRDA:131,8,0,0
BRDA:131,8,1,0
BRDA:131,9,0,0
BRDA:131,9,1,0
BRDA:133,10,0,0
BRDA:133,10,1,0
BRDA:137,11,0,0
BRDA:137,11,1,0
BRDA:150,12,0,0
BRDA:150,12,1,0
BRDA:150,13,0,0
BRDA:150,13,1,0
BRDA:188,14,0,0
BRDA:188,14,1,15
BRDA:188,15,0,15
BRDA:188,15,1,15
BRF:32
BRH:4
end_of_record
TN:
SF:src\services\planned.service.js
FN:7,(anonymous_0)
FN:32,(anonymous_1)
FN:60,(anonymous_2)
FN:91,(anonymous_3)
FN:93,(anonymous_4)
FN:114,(anonymous_5)
FN:139,(anonymous_6)
FN:174,(anonymous_7)
FN:191,(anonymous_8)
FN:227,(anonymous_9)
FNF:10
FNH:0
FNDA:0,(anonymous_0)
FNDA:0,(anonymous_1)
FNDA:0,(anonymous_2)
FNDA:0,(anonymous_3)
FNDA:0,(anonymous_4)
FNDA:0,(anonymous_5)
FNDA:0,(anonymous_6)
FNDA:0,(anonymous_7)
FNDA:0,(anonymous_8)
FNDA:0,(anonymous_9)
DA:2,15
DA:3,15
DA:4,15
DA:6,15
DA:8,0
DA:29,0
DA:33,0
DA:34,0
DA:35,0
DA:37,0
DA:57,0
DA:61,0
DA:84,0
DA:85,0
DA:88,0
DA:93,0
DA:94,0
DA:102,0
DA:103,0
DA:107,0
DA:114,0
DA:134,0
DA:136,0
DA:141,0
DA:152,0
DA:153,0
DA:157,0
DA:158,0
DA:162,0
DA:171,0
DA:172,0
DA:174,0
DA:175,0
DA:183,0
DA:184,0
DA:188,0
DA:191,0
DA:204,0
DA:220,0
DA:221,0
DA:224,0
DA:229,0
DA:239,0
DA:240,0
DA:244,0
DA:245,0
DA:249,0
DA:254,0
DA:258,15
LF:49
LH:5
BRDA:32,0,0,0
BRDA:84,1,0,0
BRDA:84,1,1,0
BRDA:102,2,0,0
BRDA:102,2,1,0
BRDA:152,3,0,0
BRDA:152,3,1,0
BRDA:157,4,0,0
BRDA:157,4,1,0
BRDA:164,5,0,0
BRDA:164,5,1,0
BRDA:167,6,0,0
BRDA:167,6,1,0
BRDA:172,7,0,0
BRDA:172,7,1,0
BRDA:183,8,0,0
BRDA:183,8,1,0
BRDA:220,9,0,0
BRDA:220,9,1,0
BRDA:239,10,0,0
BRDA:239,10,1,0
BRDA:244,11,0,0
BRDA:244,11,1,0
BRF:23
BRH:0
end_of_record
TN:
SF:src\services\statistics.service.js
FN:6,calculateVolume
FN:15,getWeekNumber
FN:24,parseWeekKey
FN:32,getWeeksDifference
FN:51,calculateWeeklyStreaks
FN:57,(anonymous_5)
FN:74,(anonymous_6)
FN:148,getMonthlyWorkoutCountsForPeriod
FN:163,(anonymous_8)
FN:173,getMonthlyVolumeForPeriod
FN:195,(anonymous_10)
FN:207,processBestExerciseRecords
FN:212,(anonymous_12)
FN:231,getTopExercises
FN:254,(anonymous_14)
FN:266,(anonymous_15)
FN:267,(anonymous_16)
FN:277,(anonymous_17)
FN:367,(anonymous_18)
FN:369,(anonymous_19)
FN:378,(anonymous_20)
FN:410,(anonymous_21)
FN:417,(anonymous_22)
FN:447,(anonymous_23)
FNF:24
FNH:0
FNDA:0,calculateVolume
FNDA:0,getWeekNumber
FNDA:0,parseWeekKey
FNDA:0,getWeeksDifference
FNDA:0,calculateWeeklyStreaks
FNDA:0,(anonymous_5)
FNDA:0,(anonymous_6)
FNDA:0,getMonthlyWorkoutCountsForPeriod
FNDA:0,(anonymous_8)
FNDA:0,getMonthlyVolumeForPeriod
FNDA:0,(anonymous_10)
FNDA:0,processBestExerciseRecords
FNDA:0,(anonymous_12)
FNDA:0,getTopExercises
FNDA:0,(anonymous_14)
FNDA:0,(anonymous_15)
FNDA:0,(anonymous_16)
FNDA:0,(anonymous_17)
FNDA:0,(anonymous_18)
FNDA:0,(anonymous_19)
FNDA:0,(anonymous_20)
FNDA:0,(anonymous_21)
FNDA:0,(anonymous_22)
FNDA:0,(anonymous_23)
DA:2,15
DA:3,15
DA:7,0
DA:9,0
DA:10,0
DA:11,0
DA:16,0
DA:17,0
DA:18,0
DA:19,0
DA:20,0
DA:25,0
DA:26,0
DA:27,0
DA:35,0
DA:36,0
DA:37,0
DA:40,0
DA:41,0
DA:42,0
DA:44,0
DA:45,0
DA:46,0
DA:52,0
DA:53,0
DA:56,0
DA:57,0
DA:58,0
DA:59,0
DA:60,0
DA:63,0
DA:65,0
DA:66,0
DA:69,0
DA:70,0
DA:71,0
DA:72,0
DA:74,0
DA:75,0
DA:77,0
DA:82,0
DA:84,0
DA:87,0
DA:88,0
DA:90,0
DA:91,0
DA:95,0
DA:96,0
DA:97,0
DA:98,0
DA:99,0
DA:101,0
DA:102,0
DA:104,0
DA:105,0
DA:106,0
DA:107,0
DA:111,0
DA:113,0
DA:116,0
DA:118,0
DA:120,0
DA:121,0
DA:122,0
DA:123,0
DA:124,0
DA:125,0
DA:126,0
DA:127,0
DA:131,0
DA:133,0
DA:136,0
DA:139,0
DA:143,0
DA:149,0
DA:162,0
DA:163,0
DA:164,0
DA:165,0
DA:166,0
DA:167,0
DA:169,0
DA:174,0
DA:194,0
DA:195,0
DA:196,0
DA:197,0
DA:198,0
DA:199,0
DA:200,0
DA:203,0
DA:208,0
DA:209,0
DA:210,0
DA:212,0
DA:213,0
DA:215,0
DA:217,0
DA:218,0
DA:220,0
DA:221,0
DA:223,0
DA:224,0
DA:227,0
DA:232,0
DA:250,0
DA:251,0
DA:254,0
DA:256,0
DA:266,0
DA:267,0
DA:268,0
DA:276,15
DA:278,0
DA:279,0
DA:280,0
DA:281,0
DA:282,0
DA:292,0
DA:335,0
DA:336,0
DA:338,0
DA:343,0
DA:344,0
DA:345,0
DA:346,0
DA:347,0
DA:348,0
DA:350,0
DA:351,0
DA:357,0
DA:364,0
DA:366,0
DA:367,0
DA:369,0
DA:370,0
DA:371,0
DA:374,0
DA:377,0
DA:378,0
DA:379,0
DA:380,0
DA:381,0
DA:382,0
DA:383,0
DA:387,0
DA:388,0
DA:389,0
DA:390,0
DA:391,0
DA:392,0
DA:393,0
DA:394,0
DA:400,0
DA:407,0
DA:409,0
DA:410,0
DA:412,0
DA:414,0
DA:418,0
DA:422,0
DA:423,0
DA:426,0
DA:447,0
DA:455,0
DA:462,15
LF:166
LH:4
BRDA:7,0,0,0
BRDA:7,0,1,0
BRDA:7,1,0,0
BRDA:7,1,1,0
BRDA:7,1,2,0
BRDA:9,2,0,0
BRDA:9,2,1,0
BRDA:10,3,0,0
BRDA:10,3,1,0
BRDA:11,4,0,0
BRDA:11,4,1,0
BRDA:11,5,0,0
BRDA:11,5,1,0
BRDA:17,6,0,0
BRDA:17,6,1,0
BRDA:52,7,0,0
BRDA:52,7,1,0
BRDA:52,8,0,0
BRDA:52,8,1,0
BRDA:65,9,0,0
BRDA:65,9,1,0
BRDA:77,10,0,0
BRDA:77,10,1,0
BRDA:78,11,0,0
BRDA:78,11,1,0
BRDA:78,11,2,0
BRDA:78,11,3,0
BRDA:78,11,4,0
BRDA:78,11,5,0
BRDA:78,11,6,0
BRDA:87,12,0,0
BRDA:87,12,1,0
BRDA:102,13,0,0
BRDA:102,13,1,0
BRDA:107,14,0,0
BRDA:107,14,1,0
BRDA:107,15,0,0
BRDA:107,15,1,0
BRDA:107,15,2,0
BRDA:107,15,3,0
BRDA:107,15,4,0
BRDA:107,15,5,0
BRDA:118,16,0,0
BRDA:118,16,1,0
BRDA:122,17,0,0
BRDA:122,17,1,0
BRDA:127,18,0,0
BRDA:127,18,1,0
BRDA:128,19,0,0
BRDA:128,19,1,0
BRDA:128,19,2,0
BRDA:128,19,3,0
BRDA:128,19,4,0
BRDA:167,20,0,0
BRDA:167,20,1,0
BRDA:196,21,0,0
BRDA:196,21,1,0
BRDA:196,22,0,0
BRDA:196,22,1,0
BRDA:200,23,0,0
BRDA:200,23,1,0
BRDA:213,24,0,0
BRDA:213,24,1,0
BRDA:217,25,0,0
BRDA:217,25,1,0
BRDA:217,26,0,0
BRDA:217,26,1,0
BRDA:220,27,0,0
BRDA:220,27,1,0
BRDA:220,28,0,0
BRDA:220,28,1,0
BRDA:223,29,0,0
BRDA:223,29,1,0
BRDA:223,30,0,0
BRDA:223,30,1,0
BRDA:250,31,0,0
BRDA:250,31,1,0
BRDA:339,32,0,0
BRDA:339,32,1,0
BRDA:350,33,0,0
BRDA:350,33,1,0
BRDA:350,34,0,0
BRDA:350,34,1,0
BRDA:360,35,0,0
BRDA:360,35,1,0
BRDA:367,36,0,0
BRDA:367,36,1,0
BRDA:379,37,0,0
BRDA:379,37,1,0
BRDA:379,38,0,0
BRDA:379,38,1,0
BRDA:383,39,0,0
BRDA:383,39,1,0
BRDA:393,40,0,0
BRDA:393,40,1,0
BRDA:393,41,0,0
BRDA:393,41,1,0
BRDA:403,42,0,0
BRDA:403,42,1,0
BRDA:410,43,0,0
BRDA:410,43,1,0
BRDA:422,44,0,0
BRDA:422,44,1,0
BRDA:449,45,0,0
BRDA:449,45,1,0
BRDA:450,46,0,0
BRDA:450,46,1,0
BRDA:451,47,0,0
BRDA:451,47,1,0
BRF:109
BRH:0
end_of_record
TN:
SF:src\services\stripe.service.js
FN:8,(anonymous_0)
FN:16,(anonymous_1)
FN:43,(anonymous_2)
FN:156,(anonymous_3)
FN:172,(anonymous_4)
FN:212,(anonymous_5)
FN:252,(anonymous_6)
FN:309,(anonymous_7)
FN:354,(anonymous_8)
FNF:9
FNH:0
FNDA:0,(anonymous_0)
FNDA:0,(anonymous_1)
FNDA:0,(anonymous_2)
FNDA:0,(anonymous_3)
FNDA:0,(anonymous_4)
FNDA:0,(anonymous_5)
FNDA:0,(anonymous_6)
FNDA:0,(anonymous_7)
FNDA:0,(anonymous_8)
DA:2,15
DA:3,15
DA:4,15
DA:5,15
DA:9,0
DA:17,0
DA:19,0
DA:21,0
DA:22,0
DA:24,0
DA:25,0
DA:27,0
DA:28,0
DA:30,0
DA:31,0
DA:33,0
DA:34,0
DA:36,0
DA:37,0
DA:39,0
DA:44,0
DA:45,0
DA:46,0
DA:47,0
DA:49,0
DA:50,0
DA:51,0
DA:53,0
DA:55,0
DA:56,0
DA:57,0
DA:58,0
DA:62,0
DA:66,0
DA:67,0
DA:68,0
DA:71,0
DA:74,0
DA:78,0
DA:79,0
DA:80,0
DA:83,0
DA:86,0
DA:87,0
DA:88,0
DA:90,0
DA:93,0
DA:101,0
DA:105,0
DA:107,0
DA:117,0
DA:120,0
DA:131,0
DA:135,0
DA:146,0
DA:147,0
DA:150,0
DA:151,0
DA:152,0
DA:157,0
DA:158,0
DA:161,0
DA:168,0
DA:173,0
DA:174,0
DA:177,0
DA:181,0
DA:182,0
DA:183,0
DA:187,0
DA:188,0
DA:189,0
DA:190,0
DA:191,0
DA:195,0
DA:206,0
DA:208,0
DA:213,0
DA:214,0
DA:217,0
DA:221,0
DA:222,0
DA:223,0
DA:227,0
DA:239,0
DA:246,0
DA:248,0
DA:253,0
DA:254,0
DA:257,0
DA:261,0
DA:262,0
DA:263,0
DA:267,0
DA:277,0
DA:279,0
DA:280,0
DA:282,0
DA:291,0
DA:302,0
DA:305,0
DA:310,0
DA:311,0
DA:314,0
DA:318,0
DA:319,0
DA:320,0
DA:324,0
DA:334,0
DA:335,0
DA:346,0
DA:349,0
DA:355,0
DA:357,0
DA:360,0
DA:364,0
DA:365,0
DA:368,0
DA:370,0
DA:394,0
DA:395,0
DA:399,15
LF:122
LH:5
BRDA:19,0,0,0
BRDA:19,0,1,0
BRDA:19,0,2,0
BRDA:19,0,3,0
BRDA:19,0,4,0
BRDA:19,0,5,0
BRDA:19,0,6,0
BRDA:49,1,0,0
BRDA:49,1,1,0
BRDA:55,2,0,0
BRDA:55,2,1,0
BRDA:55,3,0,0
BRDA:55,3,1,0
BRDA:55,3,2,0
BRDA:66,4,0,0
BRDA:66,4,1,0
BRDA:78,5,0,0
BRDA:78,5,1,0
BRDA:101,6,0,0
BRDA:101,6,1,0
BRDA:105,7,0,0
BRDA:105,7,1,0
BRDA:141,8,0,0
BRDA:141,8,1,0
BRDA:181,9,0,0
BRDA:181,9,1,0
BRDA:188,10,0,0
BRDA:188,10,1,0
BRDA:188,11,0,0
BRDA:188,11,1,0
BRDA:190,12,0,0
BRDA:190,12,1,0
BRDA:221,13,0,0
BRDA:221,13,1,0
BRDA:261,14,0,0
BRDA:261,14,1,0
BRDA:277,15,0,0
BRDA:277,15,1,0
BRDA:277,16,0,0
BRDA:277,16,1,0
BRDA:297,17,0,0
BRDA:297,17,1,0
BRDA:318,18,0,0
BRDA:318,18,1,0
BRDA:334,19,0,0
BRDA:334,19,1,0
BRDA:334,20,0,0
BRDA:334,20,1,0
BRDA:341,21,0,0
BRDA:341,21,1,0
BRDA:364,22,0,0
BRDA:364,22,1,0
BRDA:390,23,0,0
BRDA:390,23,1,0
BRDA:391,24,0,0
BRDA:391,24,1,0
BRF:56
BRH:0
end_of_record
TN:
SF:src\services\users.service.js
FN:8,(anonymous_0)
FN:31,(anonymous_1)
FN:82,(anonymous_2)
FN:120,(anonymous_3)
FN:172,(anonymous_4)
FN:193,(anonymous_5)
FN:228,(anonymous_6)
FN:240,(anonymous_7)
FN:241,(anonymous_8)
FNF:9
FNH:0
FNDA:0,(anonymous_0)
FNDA:0,(anonymous_1)
FNDA:0,(anonymous_2)
FNDA:0,(anonymous_3)
FNDA:0,(anonymous_4)
FNDA:0,(anonymous_5)
FNDA:0,(anonymous_6)
FNDA:0,(anonymous_7)
FNDA:0,(anonymous_8)
DA:2,15
DA:3,15
DA:4,15
DA:6,15
DA:9,0
DA:25,0
DA:26,0
DA:28,0
DA:32,0
DA:35,0
DA:36,0
DA:39,0
DA:40,0
DA:41,0
DA:45,0
DA:46,0
DA:48,0
DA:53,0
DA:79,0
DA:83,0
DA:87,0
DA:88,0
DA:91,0
DA:92,0
DA:93,0
DA:99,0
DA:102,0
DA:103,0
DA:106,0
DA:117,0
DA:121,0
DA:122,0
DA:123,0
DA:124,0
DA:126,0
DA:127,0
DA:133,0
DA:134,0
DA:160,0
DA:173,0
DA:174,0
DA:177,0
DA:180,0
DA:184,0
DA:194,0
DA:195,0
DA:196,0
DA:197,0
DA:199,0
DA:202,0
DA:216,0
DA:219,0
DA:220,0
DA:221,0
DA:222,0
DA:225,0
DA:228,0
DA:229,0
DA:230,0
DA:233,0
DA:234,0
DA:239,0
DA:240,0
DA:241,0
DA:244,0
DA:249,15
LF:66
LH:5
BRDA:25,0,0,0
BRDA:25,0,1,0
BRDA:35,1,0,0
BRDA:35,1,1,0
BRDA:40,2,0,0
BRDA:40,2,1,0
BRDA:40,3,0,0
BRDA:40,3,1,0
BRDA:45,4,0,0
BRDA:45,4,1,0
BRDA:57,5,0,0
BRDA:57,5,1,0
BRDA:87,6,0,0
BRDA:87,6,1,0
BRDA:92,7,0,0
BRDA:92,7,1,0
BRDA:102,8,0,0
BRDA:102,8,1,0
BRDA:120,9,0,0
BRDA:120,10,0,0
BRDA:120,11,0,0
BRDA:123,12,0,0
BRDA:123,12,1,0
BRDA:126,13,0,0
BRDA:126,13,1,0
BRDA:233,14,0,0
BRDA:233,14,1,0
BRDA:241,15,0,0
BRDA:241,15,1,0
BRF:29
BRH:0
end_of_record
TN:
SF:src\utils\ApiError.js
FN:3,(anonymous_0)
FNF:1
FNH:0
FNDA:0,(anonymous_0)
DA:4,0
DA:5,0
DA:6,0
DA:7,0
DA:8,0
DA:12,15
LF:6
LH:1
BRDA:3,0,0,0
BRF:1
BRH:0
end_of_record
TN:
SF:src\utils\asyncHandler.js
FN:2,(anonymous_0)
FN:2,(anonymous_1)
FNF:2
FNH:1
FNDA:1620,(anonymous_0)
FNDA:0,(anonymous_1)
DA:2,1620
DA:3,0
DA:6,15
LF:3
LH:2
BRF:0
BRH:0
end_of_record
TN:
SF:src\utils\oauthUtils.js
FN:4,(anonymous_0)
FNF:1
FNH:0
FNDA:0,(anonymous_0)
DA:2,0
DA:4,0
DA:5,0
DA:12,0
LF:4
LH:0
BRF:0
BRH:0
end_of_record
TN:
SF:src\validators\actual.validator.js
FN:12,(anonymous_0)
FN:20,(anonymous_1)
FN:23,(anonymous_2)
FN:26,(anonymous_3)
FN:29,(anonymous_4)
FN:38,(anonymous_5)
FN:62,(anonymous_6)
FN:67,(anonymous_7)
FN:89,(anonymous_8)
FN:95,(anonymous_9)
FN:119,(anonymous_10)
FN:129,(anonymous_11)
FN:130,(anonymous_12)
FNF:13
FNH:0
FNDA:0,(anonymous_0)
FNDA:0,(anonymous_1)
FNDA:0,(anonymous_2)
FNDA:0,(anonymous_3)
FNDA:0,(anonymous_4)
FNDA:0,(anonymous_5)
FNDA:0,(anonymous_6)
FNDA:0,(anonymous_7)
FNDA:0,(anonymous_8)
FNDA:0,(anonymous_9)
FNDA:0,(anonymous_10)
FNDA:0,(anonymous_11)
FNDA:0,(anonymous_12)
DA:7,15
DA:9,15
DA:12,0
DA:20,0
DA:23,0
DA:26,0
DA:29,0
DA:38,0
DA:62,0
DA:67,0
DA:89,0
DA:95,0
DA:119,0
DA:129,0
DA:130,0
DA:137,15
LF:16
LH:3
BRDA:20,0,0,0
BRDA:20,0,1,0
BRDA:23,1,0,0
BRDA:23,1,1,0
BRDA:26,2,0,0
BRDA:26,2,1,0
BRDA:29,3,0,0
BRDA:29,3,1,0
BRDA:95,4,0,0
BRDA:95,4,1,0
BRDA:129,5,0,0
BRDA:129,5,1,0
BRDA:130,6,0,0
BRDA:130,6,1,0
BRF:14
BRH:0
end_of_record
TN:
SF:src\validators\ai.validator.js
FN:23,(anonymous_0)
FN:29,(anonymous_1)
FN:30,(anonymous_2)
FNF:3
FNH:0
FNDA:0,(anonymous_0)
FNDA:0,(anonymous_1)
FNDA:0,(anonymous_2)
DA:1,15
DA:3,15
DA:23,0
DA:29,0
DA:30,0
DA:36,15
LF:6
LH:3
BRDA:29,0,0,0
BRDA:29,0,1,0
BRDA:30,1,0,0
BRDA:30,1,1,0
BRF:4
BRH:0
end_of_record
TN:
SF:src\validators\auth.validator.js
FN:15,(anonymous_0)
FNF:1
FNH:0
FNDA:0,(anonymous_0)
DA:7,15
DA:9,15
DA:15,0
DA:32,15
LF:4
LH:3
BRDA:15,0,0,0
BRDA:15,0,1,0
BRF:2
BRH:0
end_of_record
TN:
SF:src\validators\booking.validator.js
FN:7,(anonymous_0)
FN:14,(anonymous_1)
FN:15,(anonymous_2)
FN:16,(anonymous_3)
FN:29,(anonymous_4)
FN:40,(anonymous_5)
FNF:6
FNH:0
FNDA:0,(anonymous_0)
FNDA:0,(anonymous_1)
FNDA:0,(anonymous_2)
FNDA:0,(anonymous_3)
FNDA:0,(anonymous_4)
FNDA:0,(anonymous_5)
DA:2,15
DA:4,15
DA:7,0
DA:14,0
DA:15,0
DA:16,0
DA:29,0
DA:40,0
DA:47,15
LF:9
LH:3
BRDA:14,0,0,0
BRDA:14,0,1,0
BRDA:15,1,0,0
BRDA:15,1,1,0
BRF:4
BRH:0
end_of_record
TN:
SF:src\validators\class.validator.js
FN:8,(anonymous_0)
FN:15,(anonymous_1)
FN:18,(anonymous_2)
FN:19,(anonymous_3)
FN:20,(anonymous_4)
FN:45,(anonymous_5)
FN:58,(anonymous_6)
FN:65,(anonymous_7)
FN:73,(anonymous_8)
FN:90,(anonymous_9)
FN:100,(anonymous_10)
FN:107,(anonymous_11)
FNF:12
FNH:0
FNDA:0,(anonymous_0)
FNDA:0,(anonymous_1)
FNDA:0,(anonymous_2)
FNDA:0,(anonymous_3)
FNDA:0,(anonymous_4)
FNDA:0,(anonymous_5)
FNDA:0,(anonymous_6)
FNDA:0,(anonymous_7)
FNDA:0,(anonymous_8)
FNDA:0,(anonymous_9)
FNDA:0,(anonymous_10)
FNDA:0,(anonymous_11)
DA:2,15
DA:4,15
DA:8,0
DA:15,0
DA:18,0
DA:19,0
DA:20,0
DA:45,0
DA:58,0
DA:65,0
DA:73,0
DA:90,0
DA:100,0
DA:107,0
DA:114,15
LF:15
LH:3
BRDA:15,0,0,0
BRDA:15,0,1,0
BRDA:18,1,0,0
BRDA:18,1,1,0
BRDA:19,2,0,0
BRDA:19,2,1,0
BRF:6
BRH:0
end_of_record
TN:
SF:src\validators\competition.validator.js
FN:24,(anonymous_0)
FN:33,(anonymous_1)
FN:51,(anonymous_2)
FN:60,(anonymous_3)
FN:83,(anonymous_4)
FN:99,(anonymous_5)
FN:108,(anonymous_6)
FN:124,(anonymous_7)
FN:129,(anonymous_8)
FN:130,(anonymous_9)
FN:136,(anonymous_10)
FN:148,(anonymous_11)
FN:150,(anonymous_12)
FN:151,(anonymous_13)
FN:152,(anonymous_14)
FNF:15
FNH:0
FNDA:0,(anonymous_0)
FNDA:0,(anonymous_1)
FNDA:0,(anonymous_2)
FNDA:0,(anonymous_3)
FNDA:0,(anonymous_4)
FNDA:0,(anonymous_5)
FNDA:0,(anonymous_6)
FNDA:0,(anonymous_7)
FNDA:0,(anonymous_8)
FNDA:0,(anonymous_9)
FNDA:0,(anonymous_10)
FNDA:0,(anonymous_11)
FNDA:0,(anonymous_12)
FNDA:0,(anonymous_13)
FNDA:0,(anonymous_14)
DA:2,15
DA:4,15
DA:24,0
DA:33,0
DA:51,0
DA:60,0
DA:83,0
DA:99,0
DA:108,0
DA:124,0
DA:129,0
DA:130,0
DA:136,0
DA:148,0
DA:150,0
DA:151,0
DA:152,0
DA:157,15
LF:18
LH:3
BRDA:129,0,0,0
BRDA:129,0,1,0
BRDA:130,1,0,0
BRDA:130,1,1,0
BRDA:148,2,0,0
BRDA:148,2,1,0
BRDA:148,3,0,0
BRDA:148,3,1,0
BRDA:150,4,0,0
BRDA:150,4,1,0
BRDA:151,5,0,0
BRDA:151,5,1,0
BRF:12
BRH:0
end_of_record
TN:
SF:src\validators\diet.validator.js
FN:48,(anonymous_0)
FN:56,(anonymous_1)
FN:70,(anonymous_2)
FN:74,(anonymous_3)
FN:98,(anonymous_4)
FN:118,(anonymous_5)
FN:131,(anonymous_6)
FN:139,(anonymous_7)
FN:151,(anonymous_8)
FN:157,(anonymous_9)
FN:165,(anonymous_10)
FN:169,(anonymous_11)
FN:180,(anonymous_12)
FN:186,(anonymous_13)
FN:200,(anonymous_14)
FN:206,(anonymous_15)
FN:219,(anonymous_16)
FN:220,(anonymous_17)
FNF:18
FNH:0
FNDA:0,(anonymous_0)
FNDA:0,(anonymous_1)
FNDA:0,(anonymous_2)
FNDA:0,(anonymous_3)
FNDA:0,(anonymous_4)
FNDA:0,(anonymous_5)
FNDA:0,(anonymous_6)
FNDA:0,(anonymous_7)
FNDA:0,(anonymous_8)
FNDA:0,(anonymous_9)
FNDA:0,(anonymous_10)
FNDA:0,(anonymous_11)
FNDA:0,(anonymous_12)
FNDA:0,(anonymous_13)
FNDA:0,(anonymous_14)
FNDA:0,(anonymous_15)
FNDA:0,(anonymous_16)
FNDA:0,(anonymous_17)
DA:2,15
DA:4,15
DA:48,0
DA:56,0
DA:70,0
DA:74,0
DA:98,0
DA:118,0
DA:131,0
DA:139,0
DA:151,0
DA:157,0
DA:165,0
DA:169,0
DA:180,0
DA:186,0
DA:200,0
DA:206,0
DA:219,0
DA:220,0
DA:228,15
LF:21
LH:3
BRDA:70,0,0,0
BRDA:70,0,1,0
BRDA:74,1,0,0
BRDA:74,1,1,0
BRDA:165,2,0,0
BRDA:165,2,1,0
BRDA:169,3,0,0
BRDA:169,3,1,0
BRDA:219,4,0,0
BRDA:219,4,1,0
BRDA:220,5,0,0
BRDA:220,5,1,0
BRF:12
BRH:0
end_of_record
TN:
SF:src\validators\exercises.validator.js
FN:12,(anonymous_0)
FN:29,(anonymous_1)
FN:43,(anonymous_2)
FNF:3
FNH:0
FNDA:0,(anonymous_0)
FNDA:0,(anonymous_1)
FNDA:0,(anonymous_2)
DA:7,15
DA:9,15
DA:12,0
DA:29,0
DA:43,0
DA:50,15
LF:6
LH:3
BRF:0
BRH:0
end_of_record
TN:
SF:src\validators\gym.validator.js
FN:7,(anonymous_0)
FN:15,(anonymous_1)
FN:16,(anonymous_2)
FN:17,(anonymous_3)
FN:34,(anonymous_4)
FN:44,(anonymous_5)
FN:51,(anonymous_6)
FNF:7
FNH:0
FNDA:0,(anonymous_0)
FNDA:0,(anonymous_1)
FNDA:0,(anonymous_2)
FNDA:0,(anonymous_3)
FNDA:0,(anonymous_4)
FNDA:0,(anonymous_5)
FNDA:0,(anonymous_6)
DA:2,15
DA:4,15
DA:7,0
DA:15,0
DA:16,0
DA:17,0
DA:34,0
DA:44,0
DA:51,0
DA:60,15
LF:10
LH:3
BRDA:15,0,0,0
BRDA:15,0,1,0
BRDA:16,1,0,0
BRDA:16,1,1,0
BRF:4
BRH:0
end_of_record
TN:
SF:src\validators\membership.validator.js
FN:7,(anonymous_0)
FN:26,(anonymous_1)
FN:37,(anonymous_2)
FNF:3
FNH:0
FNDA:0,(anonymous_0)
FNDA:0,(anonymous_1)
FNDA:0,(anonymous_2)
DA:2,15
DA:4,15
DA:7,0
DA:26,0
DA:37,0
DA:44,15
LF:6
LH:3
BRF:0
BRH:0
end_of_record
TN:
SF:src\validators\membershipPlan.validator.js
FN:7,(anonymous_0)
FN:34,(anonymous_1)
FN:42,(anonymous_2)
FN:59,(anonymous_3)
FNF:4
FNH:0
FNDA:0,(anonymous_0)
FNDA:0,(anonymous_1)
FNDA:0,(anonymous_2)
FNDA:0,(anonymous_3)
DA:2,15
DA:4,15
DA:7,0
DA:34,0
DA:42,0
DA:59,0
DA:65,15
LF:7
LH:3
BRF:0
BRH:0
end_of_record
TN:
SF:src\validators\planned.validator.js
FN:12,(anonymous_0)
FN:32,(anonymous_1)
FN:51,(anonymous_2)
FN:57,(anonymous_3)
FN:77,(anonymous_4)
FNF:5
FNH:0
FNDA:0,(anonymous_0)
FNDA:0,(anonymous_1)
FNDA:0,(anonymous_2)
FNDA:0,(anonymous_3)
FNDA:0,(anonymous_4)
DA:7,15
DA:9,15
DA:12,0
DA:32,0
DA:51,0
DA:57,0
DA:77,0
DA:84,15
LF:8
LH:3
BRDA:57,0,0,0
BRDA:57,0,1,0
BRF:2
BRH:0
end_of_record
TN:
SF:src\validators\statistics.validator.js
FN:12,(anonymous_0)
FNF:1
FNH:0
FNDA:0,(anonymous_0)
DA:7,15
DA:9,15
DA:12,0
DA:19,15
LF:4
LH:3
BRF:0
BRH:0
end_of_record
TN:
SF:src\validators\users.validator.js
FN:14,(anonymous_0)
FN:22,(anonymous_1)
FN:32,(anonymous_2)
FNF:3
FNH:0
FNDA:0,(anonymous_0)
FNDA:0,(anonymous_1)
FNDA:0,(anonymous_2)
DA:7,15
DA:10,15
DA:14,0
DA:23,0
DA:32,0
DA:45,15
LF:6
LH:3
BRDA:14,0,0,0
BRDA:14,0,1,0
BRDA:23,1,0,0
BRDA:23,1,1,0
BRF:4
BRH:0
end_of_record
